#
# There is insufficient memory for the Java Runtime Environment to continue.
# Native memory allocation (malloc) failed to allocate 1777936 bytes for Chunk::new
# Possible reasons:
#   The system is out of physical RAM or swap space
#   The process is running with CompressedOops enabled, and the Java Heap may be blocking the growth of the native heap
# Possible solutions:
#   Reduce memory load on the system
#   Increase physical memory or swap space
#   Check if swap backing store is full
#   Decrease Java heap size (-Xmx/-Xms)
#   Decrease number of Java threads
#   Decrease Java thread stack sizes (-Xss)
#   Set larger code cache with -XX:ReservedCodeCacheSize=
#   JVM is running with Unscaled Compressed Oops mode in which the Java heap is
#     placed in the first 4GB address space. The Java Heap base address is the
#     maximum limit for the native heap growth. Please use -XX:HeapBaseMinAddress
#     to set the Java Heap base and to place the Java Heap above 4GB virtual address.
# This output file may be truncated or incomplete.
#
#  Out of Memory Error (arena.cpp:168), pid=12640, tid=13240
#
# JRE version: Java(TM) SE Runtime Environment (21.0.7+8) (build 21.0.7+8-LTS-245)
# Java VM: Java HotSpot(TM) 64-Bit Server VM (21.0.7+8-LTS-245, mixed mode, sharing, tiered, compressed oops, compressed class ptrs, g1 gc, windows-amd64)
# No core dump will be written. Minidumps are not enabled by default on client versions of Windows
#

---------------  S U M M A R Y ------------

Command Line: --add-opens=java.base/java.lang=ALL-UNNAMED --add-opens=java.base/java.lang.invoke=ALL-UNNAMED --add-opens=java.base/java.util=ALL-UNNAMED --add-opens=java.prefs/java.util.prefs=ALL-UNNAMED --add-exports=jdk.compiler/com.sun.tools.javac.api=ALL-UNNAMED --add-exports=jdk.compiler/com.sun.tools.javac.util=ALL-UNNAMED --add-opens=java.base/java.util=ALL-UNNAMED --add-opens=java.prefs/java.util.prefs=ALL-UNNAMED --add-opens=java.base/java.nio.charset=ALL-UNNAMED --add-opens=java.base/java.net=ALL-UNNAMED --add-opens=java.base/java.util.concurrent.atomic=ALL-UNNAMED --add-opens=java.xml/javax.xml.namespace=ALL-UNNAMED -XX:MaxMetaspaceSize=384m -XX:+HeapDumpOnOutOfMemoryError -Xms256m -Xmx512m -Dfile.encoding=UTF-8 -Duser.country=ES -Duser.language=es -Duser.variant -javaagent:C:\Users\USUARIO\.gradle\wrapper\dists\gradle-8.14-bin\38aieal9i53h9rfe7vjup95b9\gradle-8.14\lib\agents\gradle-instrumentation-agent-8.14.jar org.gradle.launcher.daemon.bootstrap.GradleDaemon 8.14

Host: 11th Gen Intel(R) Core(TM) i3-1115G4 @ 3.00GHz, 4 cores, 3G,  Windows 10 , 64 bit Build 19041 (10.0.19041.2251)
Time: Thu Jun 12 11:21:02 2025 Hora estándar oeste, Sudamérica elapsed time: 26.858772 seconds (0d 0h 0m 26s)

---------------  T H R E A D  ---------------

Current thread (0x0000022c7b144fc0):  JavaThread "C2 CompilerThread0" daemon [_thread_in_native, id=13240, stack(0x00000099d6000000,0x00000099d6100000) (1024K)]


Current CompileTask:
C2:  26858 11675       4       org.gradle.cache.internal.btree.CachingBlockStore::read (56 bytes)

Stack: [0x00000099d6000000,0x00000099d6100000]
Native frames: (J=compiled Java code, j=interpreted, Vv=VM code, C=native code)
V  [jvm.dll+0x6cae19]
V  [jvm.dll+0x855741]
V  [jvm.dll+0x857c6e]
V  [jvm.dll+0x858343]
V  [jvm.dll+0x27e0b6]
V  [jvm.dll+0xc4ecd]
V  [jvm.dll+0xc5403]
V  [jvm.dll+0x3b5752]
V  [jvm.dll+0x381e25]
V  [jvm.dll+0x38129a]
V  [jvm.dll+0x246b30]
V  [jvm.dll+0x24610f]
V  [jvm.dll+0x1c6efe]
V  [jvm.dll+0x255819]
V  [jvm.dll+0x253daa]
V  [jvm.dll+0x3eebb6]
V  [jvm.dll+0x7ffa1b]
V  [jvm.dll+0x6c94fd]
C  [ucrtbase.dll+0x21bb2]
C  [KERNEL32.DLL+0x174b4]
C  [ntdll.dll+0x526a1]


---------------  P R O C E S S  ---------------

Threads class SMR info:
_java_thread_list=0x0000022c7b4ba9f0, length=53, elements={
0x0000022c6bba68b0, 0x0000022c7b12f3f0, 0x0000022c7b12ff40, 0x0000022c7b130e10,
0x0000022c7b133870, 0x0000022c7b1362d0, 0x0000022c7b136d20, 0x0000022c7b144fc0,
0x0000022c7b165a60, 0x0000022c7b240ec0, 0x0000022c7b4162b0, 0x0000022c7c6c56d0,
0x0000022c7c6c84c0, 0x0000022c7c6c7110, 0x0000022c7c6c7e30, 0x0000022c7c6c63f0,
0x0000022c7cc37f20, 0x0000022c7cc329d0, 0x0000022c7cc364e0, 0x0000022c7cc392d0,
0x0000022c7cc39960, 0x0000022c7cc36b70, 0x0000022c7cc34410, 0x0000022c7cc37200,
0x0000022c7cc33060, 0x0000022c7cc35e50, 0x0000022c7b547700, 0x0000022c7f0d4c90,
0x0000022c7f0d73f0, 0x0000022c7f0d7a80, 0x0000022c7f0d6040, 0x0000022c24cf1ce0,
0x0000022c24cf2a00, 0x0000022c24cf3090, 0x0000022c24cefc10, 0x0000022c7b5421b0,
0x0000022c7b541490, 0x0000022c7b545cc0, 0x0000022c7b544280, 0x0000022c7b543560,
0x0000022c7b542ed0, 0x0000022c7b546350, 0x0000022c7b540770, 0x0000022c7b542840,
0x0000022c7b5469e0, 0x0000022c7b543bf0, 0x0000022c7b544910, 0x0000022c7b544fa0,
0x0000022c7b547070, 0x0000022c7b5400e0, 0x0000022c7b545630, 0x0000022c7f0d5320,
0x0000022c7f0d8110
}

Java Threads: ( => current thread )
  0x0000022c6bba68b0 JavaThread "main"                              [_thread_blocked, id=3832, stack(0x00000099d5200000,0x00000099d5300000) (1024K)]
  0x0000022c7b12f3f0 JavaThread "Reference Handler"          daemon [_thread_blocked, id=3168, stack(0x00000099d5a00000,0x00000099d5b00000) (1024K)]
  0x0000022c7b12ff40 JavaThread "Finalizer"                  daemon [_thread_blocked, id=8676, stack(0x00000099d5b00000,0x00000099d5c00000) (1024K)]
  0x0000022c7b130e10 JavaThread "Signal Dispatcher"          daemon [_thread_blocked, id=3092, stack(0x00000099d5c00000,0x00000099d5d00000) (1024K)]
  0x0000022c7b133870 JavaThread "Attach Listener"            daemon [_thread_blocked, id=5688, stack(0x00000099d5d00000,0x00000099d5e00000) (1024K)]
  0x0000022c7b1362d0 JavaThread "Service Thread"             daemon [_thread_blocked, id=768, stack(0x00000099d5e00000,0x00000099d5f00000) (1024K)]
  0x0000022c7b136d20 JavaThread "Monitor Deflation Thread"   daemon [_thread_blocked, id=11292, stack(0x00000099d5f00000,0x00000099d6000000) (1024K)]
=>0x0000022c7b144fc0 JavaThread "C2 CompilerThread0"         daemon [_thread_in_native, id=13240, stack(0x00000099d6000000,0x00000099d6100000) (1024K)]
  0x0000022c7b165a60 JavaThread "C1 CompilerThread0"         daemon [_thread_blocked, id=12748, stack(0x00000099d6100000,0x00000099d6200000) (1024K)]
  0x0000022c7b240ec0 JavaThread "Common-Cleaner"             daemon [_thread_blocked, id=10544, stack(0x00000099d6200000,0x00000099d6300000) (1024K)]
  0x0000022c7b4162b0 JavaThread "Notification Thread"        daemon [_thread_blocked, id=13280, stack(0x00000099d6300000,0x00000099d6400000) (1024K)]
  0x0000022c7c6c56d0 JavaThread "Daemon health stats"               [_thread_blocked, id=3916, stack(0x00000099d6700000,0x00000099d6800000) (1024K)]
  0x0000022c7c6c84c0 JavaThread "Incoming local TCP Connector on port 59070"        [_thread_in_native, id=11964, stack(0x00000099d6800000,0x00000099d6900000) (1024K)]
  0x0000022c7c6c7110 JavaThread "Daemon periodic checks"            [_thread_blocked, id=3696, stack(0x00000099d6900000,0x00000099d6a00000) (1024K)]
  0x0000022c7c6c7e30 JavaThread "Daemon"                            [_thread_blocked, id=10160, stack(0x00000099d6a00000,0x00000099d6b00000) (1024K)]
  0x0000022c7c6c63f0 JavaThread "Daemon worker"                     [_thread_in_Java, id=2812, stack(0x00000099d6d00000,0x00000099d6e00000) (1024K)]
  0x0000022c7cc37f20 JavaThread "Cache worker for journal cache (C:\Users\USUARIO\.gradle\caches\journal-1)"        [_thread_blocked, id=8492, stack(0x00000099d7100000,0x00000099d7200000) (1024K)]
  0x0000022c7cc329d0 JavaThread "File lock request listener"        [_thread_in_native, id=12728, stack(0x00000099d7200000,0x00000099d7300000) (1024K)]
  0x0000022c7cc364e0 JavaThread "Cache worker for file hash cache (C:\Users\USUARIO\.gradle\caches\8.14\fileHashes)"        [_thread_blocked, id=888, stack(0x00000099d7300000,0x00000099d7400000) (1024K)]
  0x0000022c7cc392d0 JavaThread "File watcher server"        daemon [_thread_in_native, id=8456, stack(0x00000099d7600000,0x00000099d7700000) (1024K)]
  0x0000022c7cc39960 JavaThread "File watcher consumer"      daemon [_thread_blocked, id=10480, stack(0x00000099d7700000,0x00000099d7800000) (1024K)]
  0x0000022c7cc36b70 JavaThread "jar transforms"                    [_thread_blocked, id=10784, stack(0x00000099d7800000,0x00000099d7900000) (1024K)]
  0x0000022c7cc34410 JavaThread "jar transforms Thread 2"           [_thread_blocked, id=9184, stack(0x00000099d7900000,0x00000099d7a00000) (1024K)]
  0x0000022c7cc37200 JavaThread "Cache worker for file content cache (C:\Users\USUARIO\.gradle\caches\8.14\fileContent)"        [_thread_blocked, id=9428, stack(0x00000099d7b00000,0x00000099d7c00000) (1024K)]
  0x0000022c7cc33060 JavaThread "jar transforms Thread 3"           [_thread_blocked, id=12072, stack(0x00000099d7c00000,0x00000099d7d00000) (1024K)]
  0x0000022c7cc35e50 JavaThread "jar transforms Thread 4"           [_thread_blocked, id=5296, stack(0x00000099d8100000,0x00000099d8200000) (1024K)]
  0x0000022c7b547700 JavaThread "Memory manager"                    [_thread_blocked, id=6732, stack(0x00000099d9000000,0x00000099d9100000) (1024K)]
  0x0000022c7f0d4c90 JavaThread "ForkJoinPool.commonPool-worker-1" daemon [_thread_blocked, id=3172, stack(0x00000099daa00000,0x00000099dab00000) (1024K)]
  0x0000022c7f0d73f0 JavaThread "ForkJoinPool.commonPool-worker-2" daemon [_thread_blocked, id=8872, stack(0x00000099dab00000,0x00000099dac00000) (1024K)]
  0x0000022c7f0d7a80 JavaThread "ForkJoinPool.commonPool-worker-3" daemon [_thread_blocked, id=3524, stack(0x00000099dac00000,0x00000099dad00000) (1024K)]
  0x0000022c7f0d6040 JavaThread "included builds"                   [_thread_blocked, id=992, stack(0x00000099dad00000,0x00000099dae00000) (1024K)]
  0x0000022c24cf1ce0 JavaThread "Exec process"                      [_thread_blocked, id=10256, stack(0x00000099db200000,0x00000099db300000) (1024K)]
  0x0000022c24cf2a00 JavaThread "Exec process Thread 2"             [_thread_blocked, id=444, stack(0x00000099db400000,0x00000099db500000) (1024K)]
  0x0000022c24cf3090 JavaThread "Exec process Thread 3"             [_thread_blocked, id=2844, stack(0x00000099db500000,0x00000099db600000) (1024K)]
  0x0000022c24cefc10 JavaThread "Exec process Thread 4"             [_thread_blocked, id=8680, stack(0x00000099db600000,0x00000099db700000) (1024K)]
  0x0000022c7b5421b0 JavaThread "VFS cleanup"                       [_thread_blocked, id=12832, stack(0x00000099d6e00000,0x00000099d6f00000) (1024K)]
  0x0000022c7b541490 JavaThread "Handler for socket connection from /127.0.0.1:59070 to /127.0.0.1:59079"        [_thread_in_native, id=8916, stack(0x00000099d6b00000,0x00000099d6c00000) (1024K)]
  0x0000022c7b545cc0 JavaThread "Cancel handler"                    [_thread_blocked, id=5468, stack(0x00000099d6c00000,0x00000099d6d00000) (1024K)]
  0x0000022c7b544280 JavaThread "Asynchronous log dispatcher for DefaultDaemonConnection: socket connection from /127.0.0.1:59070 to /127.0.0.1:59079"        [_thread_blocked, id=7864, stack(0x00000099d6f00000,0x00000099d7000000) (1024K)]
  0x0000022c7b543560 JavaThread "Stdin handler"                     [_thread_blocked, id=11224, stack(0x00000099d7000000,0x00000099d7100000) (1024K)]
  0x0000022c7b542ed0 JavaThread "Daemon client event forwarder"        [_thread_blocked, id=7564, stack(0x00000099d7400000,0x00000099d7500000) (1024K)]
  0x0000022c7b546350 JavaThread "Cache worker for file hash cache (D:\SIS 414\alojamiento\.gradle\8.14\fileHashes)"        [_thread_blocked, id=3732, stack(0x00000099d7500000,0x00000099d7600000) (1024K)]
  0x0000022c7b540770 JavaThread "Cache worker for Build Output Cleanup Cache (D:\SIS 414\alojamiento\.gradle\buildOutputCleanup)"        [_thread_blocked, id=8960, stack(0x00000099d7a00000,0x00000099d7b00000) (1024K)]
  0x0000022c7b542840 JavaThread "Cache worker for checksums cache (D:\SIS 414\alojamiento\.gradle\8.14\checksums)"        [_thread_blocked, id=9692, stack(0x00000099d7d00000,0x00000099d7e00000) (1024K)]
  0x0000022c7b5469e0 JavaThread "Cache worker for cache directory md-supplier (C:\Users\USUARIO\.gradle\caches\8.14\md-supplier)"        [_thread_blocked, id=3232, stack(0x00000099d7e00000,0x00000099d7f00000) (1024K)]
  0x0000022c7b543bf0 JavaThread "Cache worker for cache directory md-rule (C:\Users\USUARIO\.gradle\caches\8.14\md-rule)"        [_thread_blocked, id=456, stack(0x00000099d7f00000,0x00000099d8000000) (1024K)]
  0x0000022c7b544910 JavaThread "Unconstrained build operations"        [_thread_blocked, id=7988, stack(0x00000099d8000000,0x00000099d8100000) (1024K)]
  0x0000022c7b544fa0 JavaThread "Unconstrained build operations Thread 2"        [_thread_blocked, id=10624, stack(0x00000099d8200000,0x00000099d8300000) (1024K)]
  0x0000022c7b547070 JavaThread "Unconstrained build operations Thread 3"        [_thread_blocked, id=10324, stack(0x00000099d8300000,0x00000099d8400000) (1024K)]
  0x0000022c7b5400e0 JavaThread "Unconstrained build operations Thread 4"        [_thread_blocked, id=4912, stack(0x00000099d8400000,0x00000099d8500000) (1024K)]
  0x0000022c7b545630 JavaThread "Unconstrained build operations Thread 5"        [_thread_blocked, id=7300, stack(0x00000099d8500000,0x00000099d8600000) (1024K)]
  0x0000022c7f0d5320 JavaThread "Unconstrained build operations Thread 6"        [_thread_blocked, id=7196, stack(0x00000099d8700000,0x00000099d8800000) (1024K)]
  0x0000022c7f0d8110 JavaThread "Unconstrained build operations Thread 7"        [_thread_blocked, id=13096, stack(0x00000099d8800000,0x00000099d8900000) (1024K)]
Total: 53

Other Threads:
  0x0000022c76f92000 VMThread "VM Thread"                           [id=8296, stack(0x00000099d5900000,0x00000099d5a00000) (1024K)]
  0x0000022c76f80fa0 WatcherThread "VM Periodic Task Thread"        [id=1388, stack(0x00000099d5800000,0x00000099d5900000) (1024K)]
  0x0000022c6bbcf040 WorkerThread "GC Thread#0"                     [id=9896, stack(0x00000099d5300000,0x00000099d5400000) (1024K)]
  0x0000022c7b472360 WorkerThread "GC Thread#1"                     [id=11248, stack(0x00000099d6400000,0x00000099d6500000) (1024K)]
  0x0000022c7b472700 WorkerThread "GC Thread#2"                     [id=13300, stack(0x00000099d6500000,0x00000099d6600000) (1024K)]
  0x0000022c7b472aa0 WorkerThread "GC Thread#3"                     [id=13048, stack(0x00000099d6600000,0x00000099d6700000) (1024K)]
  0x0000022c6bbe4010 ConcurrentGCThread "G1 Main Marker"            [id=8800, stack(0x00000099d5400000,0x00000099d5500000) (1024K)]
  0x0000022c6bbe5060 WorkerThread "G1 Conc#0"                       [id=10220, stack(0x00000099d5500000,0x00000099d5600000) (1024K)]
  0x0000022c6bc7e970 ConcurrentGCThread "G1 Refine#0"               [id=3136, stack(0x00000099d5600000,0x00000099d5700000) (1024K)]
  0x0000022c76e50660 ConcurrentGCThread "G1 Service"                [id=2308, stack(0x00000099d5700000,0x00000099d5800000) (1024K)]
Total: 10

Threads with active compile tasks:
C2 CompilerThread0    26882 11675       4       org.gradle.cache.internal.btree.CachingBlockStore::read (56 bytes)
Total: 1

VM state: not at safepoint (normal execution)

VM Mutex/Monitor currently owned by a thread: None

Heap address: 0x00000000e0000000, size: 512 MB, Compressed Oops mode: 32-bit

CDS archive(s) mapped at: [0x0000022c0f000000-0x0000022c0fc90000-0x0000022c0fc90000), size 13172736, SharedBaseAddress: 0x0000022c0f000000, ArchiveRelocationMode: 1.
Compressed class space mapped at: 0x0000022c10000000-0x0000022c24000000, reserved size: 335544320
Narrow klass base: 0x0000022c0f000000, Narrow klass shift: 0, Narrow klass range: 0x100000000

GC Precious Log:
 CardTable entry size: 512
 Card Set container configuration: InlinePtr #cards 5 size 8 Array Of Cards #cards 12 size 40 Howl #buckets 4 coarsen threshold 1843 Howl Bitmap #cards 512 size 80 coarsen threshold 460 Card regions per heap region 1 cards per card region 2048
 CPUs: 4 total, 4 available
 Memory: 3790M
 Large Page Support: Disabled
 NUMA Support: Disabled
 Compressed Oops: Enabled (32-bit)
 Heap Region Size: 1M
 Heap Min Capacity: 256M
 Heap Initial Capacity: 256M
 Heap Max Capacity: 512M
 Pre-touch: Disabled
 Parallel Workers: 4
 Concurrent Workers: 1
 Concurrent Refinement Workers: 4
 Periodic GC: Disabled

Heap:
 garbage-first heap   total 262144K, used 190976K [0x00000000e0000000, 0x0000000100000000)
  region size 1024K, 148 young (151552K), 17 survivors (17408K)
 Metaspace       used 71130K, committed 73408K, reserved 393216K
  class space    used 9855K, committed 11008K, reserved 327680K

Heap Regions: E=young(eden), S=young(survivor), O=old, HS=humongous(starts), HC=humongous(continues), CS=collection set, F=free, TAMS=top-at-mark-start, PB=parsable bottom
|   0|0x00000000e0000000, 0x00000000e0100000, 0x00000000e0100000|100%|HS|  |TAMS 0x00000000e0000000| PB 0x00000000e0000000| Complete 
|   1|0x00000000e0100000, 0x00000000e0200000, 0x00000000e0200000|100%|HC|  |TAMS 0x00000000e0100000| PB 0x00000000e0100000| Complete 
|   2|0x00000000e0200000, 0x00000000e0300000, 0x00000000e0300000|100%|HC|  |TAMS 0x00000000e0200000| PB 0x00000000e0200000| Complete 
|   3|0x00000000e0300000, 0x00000000e0400000, 0x00000000e0400000|100%| O|  |TAMS 0x00000000e0300000| PB 0x00000000e0300000| Untracked 
|   4|0x00000000e0400000, 0x00000000e0500000, 0x00000000e0500000|100%| O|  |TAMS 0x00000000e0400000| PB 0x00000000e0400000| Untracked 
|   5|0x00000000e0500000, 0x00000000e0600000, 0x00000000e0600000|100%| O|  |TAMS 0x00000000e0500000| PB 0x00000000e0500000| Untracked 
|   6|0x00000000e0600000, 0x00000000e0700000, 0x00000000e0700000|100%| O|  |TAMS 0x00000000e0600000| PB 0x00000000e0600000| Untracked 
|   7|0x00000000e0700000, 0x00000000e0800000, 0x00000000e0800000|100%|HS|  |TAMS 0x00000000e0700000| PB 0x00000000e0700000| Complete 
|   8|0x00000000e0800000, 0x00000000e0900000, 0x00000000e0900000|100%| O|  |TAMS 0x00000000e0800000| PB 0x00000000e0800000| Untracked 
|   9|0x00000000e0900000, 0x00000000e0a00000, 0x00000000e0a00000|100%| O|  |TAMS 0x00000000e0900000| PB 0x00000000e0900000| Untracked 
|  10|0x00000000e0a00000, 0x00000000e0b00000, 0x00000000e0b00000|100%| O|  |TAMS 0x00000000e0a00000| PB 0x00000000e0a00000| Untracked 
|  11|0x00000000e0b00000, 0x00000000e0c00000, 0x00000000e0c00000|100%| O|  |TAMS 0x00000000e0b00000| PB 0x00000000e0b00000| Untracked 
|  12|0x00000000e0c00000, 0x00000000e0d00000, 0x00000000e0d00000|100%| O|  |TAMS 0x00000000e0c00000| PB 0x00000000e0c00000| Untracked 
|  13|0x00000000e0d00000, 0x00000000e0e00000, 0x00000000e0e00000|100%| O|  |TAMS 0x00000000e0d00000| PB 0x00000000e0d00000| Untracked 
|  14|0x00000000e0e00000, 0x00000000e0f00000, 0x00000000e0f00000|100%| O|  |TAMS 0x00000000e0e00000| PB 0x00000000e0e00000| Untracked 
|  15|0x00000000e0f00000, 0x00000000e1000000, 0x00000000e1000000|100%| O|  |TAMS 0x00000000e0f00000| PB 0x00000000e0f00000| Untracked 
|  16|0x00000000e1000000, 0x00000000e1100000, 0x00000000e1100000|100%| O|  |TAMS 0x00000000e1000000| PB 0x00000000e1000000| Untracked 
|  17|0x00000000e1100000, 0x00000000e1200000, 0x00000000e1200000|100%| O|  |TAMS 0x00000000e1100000| PB 0x00000000e1100000| Untracked 
|  18|0x00000000e1200000, 0x00000000e1300000, 0x00000000e1300000|100%| O|  |TAMS 0x00000000e1200000| PB 0x00000000e1200000| Untracked 
|  19|0x00000000e1300000, 0x00000000e1400000, 0x00000000e1400000|100%| O|  |TAMS 0x00000000e1300000| PB 0x00000000e1300000| Untracked 
|  20|0x00000000e1400000, 0x00000000e1500000, 0x00000000e1500000|100%| O|  |TAMS 0x00000000e1400000| PB 0x00000000e1400000| Untracked 
|  21|0x00000000e1500000, 0x00000000e1600000, 0x00000000e1600000|100%| O|  |TAMS 0x00000000e1500000| PB 0x00000000e1500000| Untracked 
|  22|0x00000000e1600000, 0x00000000e1700000, 0x00000000e1700000|100%| O|  |TAMS 0x00000000e1600000| PB 0x00000000e1600000| Untracked 
|  23|0x00000000e1700000, 0x00000000e1800000, 0x00000000e1800000|100%| O|  |TAMS 0x00000000e1700000| PB 0x00000000e1700000| Untracked 
|  24|0x00000000e1800000, 0x00000000e1900000, 0x00000000e1900000|100%| O|  |TAMS 0x00000000e1800000| PB 0x00000000e1800000| Untracked 
|  25|0x00000000e1900000, 0x00000000e1a00000, 0x00000000e1a00000|100%| O|  |TAMS 0x00000000e1900000| PB 0x00000000e1900000| Untracked 
|  26|0x00000000e1a00000, 0x00000000e1b00000, 0x00000000e1b00000|100%| O|  |TAMS 0x00000000e1a00000| PB 0x00000000e1a00000| Untracked 
|  27|0x00000000e1b00000, 0x00000000e1c00000, 0x00000000e1c00000|100%| O|  |TAMS 0x00000000e1b00000| PB 0x00000000e1b00000| Untracked 
|  28|0x00000000e1c00000, 0x00000000e1d00000, 0x00000000e1d00000|100%| O|  |TAMS 0x00000000e1c00000| PB 0x00000000e1c00000| Untracked 
|  29|0x00000000e1d00000, 0x00000000e1e00000, 0x00000000e1e00000|100%| O|  |TAMS 0x00000000e1d00000| PB 0x00000000e1d00000| Untracked 
|  30|0x00000000e1e00000, 0x00000000e1f00000, 0x00000000e1f00000|100%| O|  |TAMS 0x00000000e1e00000| PB 0x00000000e1e00000| Untracked 
|  31|0x00000000e1f00000, 0x00000000e2000000, 0x00000000e2000000|100%| O|Cm|TAMS 0x00000000e1f00000| PB 0x00000000e1f00000| Complete 
|  32|0x00000000e2000000, 0x00000000e2100000, 0x00000000e2100000|100%| O|  |TAMS 0x00000000e2000000| PB 0x00000000e2000000| Untracked 
|  33|0x00000000e2100000, 0x00000000e2200000, 0x00000000e2200000|100%| O|  |TAMS 0x00000000e2100000| PB 0x00000000e2100000| Untracked 
|  34|0x00000000e2200000, 0x00000000e2300000, 0x00000000e2300000|100%| O|  |TAMS 0x00000000e2200000| PB 0x00000000e2200000| Untracked 
|  35|0x00000000e2300000, 0x00000000e2400000, 0x00000000e2400000|100%| O|  |TAMS 0x00000000e2300000| PB 0x00000000e2300000| Untracked 
|  36|0x00000000e2400000, 0x00000000e2500000, 0x00000000e2500000|100%| O|  |TAMS 0x00000000e2400000| PB 0x00000000e2400000| Untracked 
|  37|0x00000000e2500000, 0x00000000e2600000, 0x00000000e2600000|100%| O|  |TAMS 0x00000000e2500000| PB 0x00000000e2500000| Untracked 
|  38|0x00000000e2600000, 0x00000000e2700000, 0x00000000e2700000|100%| O|  |TAMS 0x00000000e2600000| PB 0x00000000e2600000| Untracked 
|  39|0x00000000e2700000, 0x00000000e2800000, 0x00000000e2800000|100%| O|  |TAMS 0x00000000e2700000| PB 0x00000000e2700000| Untracked 
|  40|0x00000000e2800000, 0x00000000e2900000, 0x00000000e2900000|100%| O|  |TAMS 0x00000000e2800000| PB 0x00000000e2800000| Untracked 
|  41|0x00000000e2900000, 0x00000000e2900000, 0x00000000e2a00000|  0%| F|  |TAMS 0x00000000e2900000| PB 0x00000000e2900000| Untracked 
|  42|0x00000000e2a00000, 0x00000000e2a00000, 0x00000000e2b00000|  0%| F|  |TAMS 0x00000000e2a00000| PB 0x00000000e2a00000| Untracked 
|  43|0x00000000e2b00000, 0x00000000e2b00000, 0x00000000e2c00000|  0%| F|  |TAMS 0x00000000e2b00000| PB 0x00000000e2b00000| Untracked 
|  44|0x00000000e2c00000, 0x00000000e2c00000, 0x00000000e2d00000|  0%| F|  |TAMS 0x00000000e2c00000| PB 0x00000000e2c00000| Untracked 
|  45|0x00000000e2d00000, 0x00000000e2d00000, 0x00000000e2e00000|  0%| F|  |TAMS 0x00000000e2d00000| PB 0x00000000e2d00000| Untracked 
|  46|0x00000000e2e00000, 0x00000000e2e00000, 0x00000000e2f00000|  0%| F|  |TAMS 0x00000000e2e00000| PB 0x00000000e2e00000| Untracked 
|  47|0x00000000e2f00000, 0x00000000e2f00000, 0x00000000e3000000|  0%| F|  |TAMS 0x00000000e2f00000| PB 0x00000000e2f00000| Untracked 
|  48|0x00000000e3000000, 0x00000000e3000000, 0x00000000e3100000|  0%| F|  |TAMS 0x00000000e3000000| PB 0x00000000e3000000| Untracked 
|  49|0x00000000e3100000, 0x00000000e3100000, 0x00000000e3200000|  0%| F|  |TAMS 0x00000000e3100000| PB 0x00000000e3100000| Untracked 
|  50|0x00000000e3200000, 0x00000000e3200000, 0x00000000e3300000|  0%| F|  |TAMS 0x00000000e3200000| PB 0x00000000e3200000| Untracked 
|  51|0x00000000e3300000, 0x00000000e3300000, 0x00000000e3400000|  0%| F|  |TAMS 0x00000000e3300000| PB 0x00000000e3300000| Untracked 
|  52|0x00000000e3400000, 0x00000000e3400000, 0x00000000e3500000|  0%| F|  |TAMS 0x00000000e3400000| PB 0x00000000e3400000| Untracked 
|  53|0x00000000e3500000, 0x00000000e3500000, 0x00000000e3600000|  0%| F|  |TAMS 0x00000000e3500000| PB 0x00000000e3500000| Untracked 
|  54|0x00000000e3600000, 0x00000000e3600000, 0x00000000e3700000|  0%| F|  |TAMS 0x00000000e3600000| PB 0x00000000e3600000| Untracked 
|  55|0x00000000e3700000, 0x00000000e3700000, 0x00000000e3800000|  0%| F|  |TAMS 0x00000000e3700000| PB 0x00000000e3700000| Untracked 
|  56|0x00000000e3800000, 0x00000000e3800000, 0x00000000e3900000|  0%| F|  |TAMS 0x00000000e3800000| PB 0x00000000e3800000| Untracked 
|  57|0x00000000e3900000, 0x00000000e3900000, 0x00000000e3a00000|  0%| F|  |TAMS 0x00000000e3900000| PB 0x00000000e3900000| Untracked 
|  58|0x00000000e3a00000, 0x00000000e3a00000, 0x00000000e3b00000|  0%| F|  |TAMS 0x00000000e3a00000| PB 0x00000000e3a00000| Untracked 
|  59|0x00000000e3b00000, 0x00000000e3b00000, 0x00000000e3c00000|  0%| F|  |TAMS 0x00000000e3b00000| PB 0x00000000e3b00000| Untracked 
|  60|0x00000000e3c00000, 0x00000000e3c00000, 0x00000000e3d00000|  0%| F|  |TAMS 0x00000000e3c00000| PB 0x00000000e3c00000| Untracked 
|  61|0x00000000e3d00000, 0x00000000e3d00000, 0x00000000e3e00000|  0%| F|  |TAMS 0x00000000e3d00000| PB 0x00000000e3d00000| Untracked 
|  62|0x00000000e3e00000, 0x00000000e3e00000, 0x00000000e3f00000|  0%| F|  |TAMS 0x00000000e3e00000| PB 0x00000000e3e00000| Untracked 
|  63|0x00000000e3f00000, 0x00000000e3f00000, 0x00000000e4000000|  0%| F|  |TAMS 0x00000000e3f00000| PB 0x00000000e3f00000| Untracked 
|  64|0x00000000e4000000, 0x00000000e4000000, 0x00000000e4100000|  0%| F|  |TAMS 0x00000000e4000000| PB 0x00000000e4000000| Untracked 
|  65|0x00000000e4100000, 0x00000000e4100000, 0x00000000e4200000|  0%| F|  |TAMS 0x00000000e4100000| PB 0x00000000e4100000| Untracked 
|  66|0x00000000e4200000, 0x00000000e4200000, 0x00000000e4300000|  0%| F|  |TAMS 0x00000000e4200000| PB 0x00000000e4200000| Untracked 
|  67|0x00000000e4300000, 0x00000000e4300000, 0x00000000e4400000|  0%| F|  |TAMS 0x00000000e4300000| PB 0x00000000e4300000| Untracked 
|  68|0x00000000e4400000, 0x00000000e4400000, 0x00000000e4500000|  0%| F|  |TAMS 0x00000000e4400000| PB 0x00000000e4400000| Untracked 
|  69|0x00000000e4500000, 0x00000000e4500000, 0x00000000e4600000|  0%| F|  |TAMS 0x00000000e4500000| PB 0x00000000e4500000| Untracked 
|  70|0x00000000e4600000, 0x00000000e4600000, 0x00000000e4700000|  0%| F|  |TAMS 0x00000000e4600000| PB 0x00000000e4600000| Untracked 
|  71|0x00000000e4700000, 0x00000000e4700000, 0x00000000e4800000|  0%| F|  |TAMS 0x00000000e4700000| PB 0x00000000e4700000| Untracked 
|  72|0x00000000e4800000, 0x00000000e4800000, 0x00000000e4900000|  0%| F|  |TAMS 0x00000000e4800000| PB 0x00000000e4800000| Untracked 
|  73|0x00000000e4900000, 0x00000000e4900000, 0x00000000e4a00000|  0%| F|  |TAMS 0x00000000e4900000| PB 0x00000000e4900000| Untracked 
|  74|0x00000000e4a00000, 0x00000000e4a00000, 0x00000000e4b00000|  0%| F|  |TAMS 0x00000000e4a00000| PB 0x00000000e4a00000| Untracked 
|  75|0x00000000e4b00000, 0x00000000e4b00000, 0x00000000e4c00000|  0%| F|  |TAMS 0x00000000e4b00000| PB 0x00000000e4b00000| Untracked 
|  76|0x00000000e4c00000, 0x00000000e4c00000, 0x00000000e4d00000|  0%| F|  |TAMS 0x00000000e4c00000| PB 0x00000000e4c00000| Untracked 
|  77|0x00000000e4d00000, 0x00000000e4d00000, 0x00000000e4e00000|  0%| F|  |TAMS 0x00000000e4d00000| PB 0x00000000e4d00000| Untracked 
|  78|0x00000000e4e00000, 0x00000000e4e00000, 0x00000000e4f00000|  0%| F|  |TAMS 0x00000000e4e00000| PB 0x00000000e4e00000| Untracked 
|  79|0x00000000e4f00000, 0x00000000e4f00000, 0x00000000e5000000|  0%| F|  |TAMS 0x00000000e4f00000| PB 0x00000000e4f00000| Untracked 
|  80|0x00000000e5000000, 0x00000000e5000000, 0x00000000e5100000|  0%| F|  |TAMS 0x00000000e5000000| PB 0x00000000e5000000| Untracked 
|  81|0x00000000e5100000, 0x00000000e5100000, 0x00000000e5200000|  0%| F|  |TAMS 0x00000000e5100000| PB 0x00000000e5100000| Untracked 
|  82|0x00000000e5200000, 0x00000000e5200000, 0x00000000e5300000|  0%| F|  |TAMS 0x00000000e5200000| PB 0x00000000e5200000| Untracked 
|  83|0x00000000e5300000, 0x00000000e5300000, 0x00000000e5400000|  0%| F|  |TAMS 0x00000000e5300000| PB 0x00000000e5300000| Untracked 
|  84|0x00000000e5400000, 0x00000000e5400000, 0x00000000e5500000|  0%| F|  |TAMS 0x00000000e5400000| PB 0x00000000e5400000| Untracked 
|  85|0x00000000e5500000, 0x00000000e5500000, 0x00000000e5600000|  0%| F|  |TAMS 0x00000000e5500000| PB 0x00000000e5500000| Untracked 
|  86|0x00000000e5600000, 0x00000000e5680000, 0x00000000e5700000| 50%| S|CS|TAMS 0x00000000e5600000| PB 0x00000000e5600000| Complete 
|  87|0x00000000e5700000, 0x00000000e5800000, 0x00000000e5800000|100%| S|CS|TAMS 0x00000000e5700000| PB 0x00000000e5700000| Complete 
|  88|0x00000000e5800000, 0x00000000e5900000, 0x00000000e5900000|100%| S|CS|TAMS 0x00000000e5800000| PB 0x00000000e5800000| Complete 
|  89|0x00000000e5900000, 0x00000000e5a00000, 0x00000000e5a00000|100%| S|CS|TAMS 0x00000000e5900000| PB 0x00000000e5900000| Complete 
|  90|0x00000000e5a00000, 0x00000000e5b00000, 0x00000000e5b00000|100%| S|CS|TAMS 0x00000000e5a00000| PB 0x00000000e5a00000| Complete 
|  91|0x00000000e5b00000, 0x00000000e5c00000, 0x00000000e5c00000|100%| S|CS|TAMS 0x00000000e5b00000| PB 0x00000000e5b00000| Complete 
|  92|0x00000000e5c00000, 0x00000000e5d00000, 0x00000000e5d00000|100%| S|CS|TAMS 0x00000000e5c00000| PB 0x00000000e5c00000| Complete 
|  93|0x00000000e5d00000, 0x00000000e5e00000, 0x00000000e5e00000|100%| S|CS|TAMS 0x00000000e5d00000| PB 0x00000000e5d00000| Complete 
|  94|0x00000000e5e00000, 0x00000000e5f00000, 0x00000000e5f00000|100%| S|CS|TAMS 0x00000000e5e00000| PB 0x00000000e5e00000| Complete 
|  95|0x00000000e5f00000, 0x00000000e6000000, 0x00000000e6000000|100%| S|CS|TAMS 0x00000000e5f00000| PB 0x00000000e5f00000| Complete 
|  96|0x00000000e6000000, 0x00000000e6100000, 0x00000000e6100000|100%| S|CS|TAMS 0x00000000e6000000| PB 0x00000000e6000000| Complete 
|  97|0x00000000e6100000, 0x00000000e6200000, 0x00000000e6200000|100%| S|CS|TAMS 0x00000000e6100000| PB 0x00000000e6100000| Complete 
|  98|0x00000000e6200000, 0x00000000e6300000, 0x00000000e6300000|100%| S|CS|TAMS 0x00000000e6200000| PB 0x00000000e6200000| Complete 
|  99|0x00000000e6300000, 0x00000000e6400000, 0x00000000e6400000|100%| S|CS|TAMS 0x00000000e6300000| PB 0x00000000e6300000| Complete 
| 100|0x00000000e6400000, 0x00000000e6500000, 0x00000000e6500000|100%| S|CS|TAMS 0x00000000e6400000| PB 0x00000000e6400000| Complete 
| 101|0x00000000e6500000, 0x00000000e6600000, 0x00000000e6600000|100%| S|CS|TAMS 0x00000000e6500000| PB 0x00000000e6500000| Complete 
| 102|0x00000000e6600000, 0x00000000e6700000, 0x00000000e6700000|100%| S|CS|TAMS 0x00000000e6600000| PB 0x00000000e6600000| Complete 
| 103|0x00000000e6700000, 0x00000000e6700000, 0x00000000e6800000|  0%| F|  |TAMS 0x00000000e6700000| PB 0x00000000e6700000| Untracked 
| 104|0x00000000e6800000, 0x00000000e6800000, 0x00000000e6900000|  0%| F|  |TAMS 0x00000000e6800000| PB 0x00000000e6800000| Untracked 
| 105|0x00000000e6900000, 0x00000000e6900000, 0x00000000e6a00000|  0%| F|  |TAMS 0x00000000e6900000| PB 0x00000000e6900000| Untracked 
| 106|0x00000000e6a00000, 0x00000000e6a00000, 0x00000000e6b00000|  0%| F|  |TAMS 0x00000000e6a00000| PB 0x00000000e6a00000| Untracked 
| 107|0x00000000e6b00000, 0x00000000e6b00000, 0x00000000e6c00000|  0%| F|  |TAMS 0x00000000e6b00000| PB 0x00000000e6b00000| Untracked 
| 108|0x00000000e6c00000, 0x00000000e6c00000, 0x00000000e6d00000|  0%| F|  |TAMS 0x00000000e6c00000| PB 0x00000000e6c00000| Untracked 
| 109|0x00000000e6d00000, 0x00000000e6d00000, 0x00000000e6e00000|  0%| F|  |TAMS 0x00000000e6d00000| PB 0x00000000e6d00000| Untracked 
| 110|0x00000000e6e00000, 0x00000000e6e00000, 0x00000000e6f00000|  0%| F|  |TAMS 0x00000000e6e00000| PB 0x00000000e6e00000| Untracked 
| 111|0x00000000e6f00000, 0x00000000e6f00000, 0x00000000e7000000|  0%| F|  |TAMS 0x00000000e6f00000| PB 0x00000000e6f00000| Untracked 
| 112|0x00000000e7000000, 0x00000000e7000000, 0x00000000e7100000|  0%| F|  |TAMS 0x00000000e7000000| PB 0x00000000e7000000| Untracked 
| 113|0x00000000e7100000, 0x00000000e7100000, 0x00000000e7200000|  0%| F|  |TAMS 0x00000000e7100000| PB 0x00000000e7100000| Untracked 
| 114|0x00000000e7200000, 0x00000000e7200000, 0x00000000e7300000|  0%| F|  |TAMS 0x00000000e7200000| PB 0x00000000e7200000| Untracked 
| 115|0x00000000e7300000, 0x00000000e7300000, 0x00000000e7400000|  0%| F|  |TAMS 0x00000000e7300000| PB 0x00000000e7300000| Untracked 
| 116|0x00000000e7400000, 0x00000000e7400000, 0x00000000e7500000|  0%| F|  |TAMS 0x00000000e7400000| PB 0x00000000e7400000| Untracked 
| 117|0x00000000e7500000, 0x00000000e7500000, 0x00000000e7600000|  0%| F|  |TAMS 0x00000000e7500000| PB 0x00000000e7500000| Untracked 
| 118|0x00000000e7600000, 0x00000000e7600000, 0x00000000e7700000|  0%| F|  |TAMS 0x00000000e7600000| PB 0x00000000e7600000| Untracked 
| 119|0x00000000e7700000, 0x00000000e7700000, 0x00000000e7800000|  0%| F|  |TAMS 0x00000000e7700000| PB 0x00000000e7700000| Untracked 
| 120|0x00000000e7800000, 0x00000000e7800000, 0x00000000e7900000|  0%| F|  |TAMS 0x00000000e7800000| PB 0x00000000e7800000| Untracked 
| 121|0x00000000e7900000, 0x00000000e7900000, 0x00000000e7a00000|  0%| F|  |TAMS 0x00000000e7900000| PB 0x00000000e7900000| Untracked 
| 122|0x00000000e7a00000, 0x00000000e7a00000, 0x00000000e7b00000|  0%| F|  |TAMS 0x00000000e7a00000| PB 0x00000000e7a00000| Untracked 
| 123|0x00000000e7b00000, 0x00000000e7b00000, 0x00000000e7c00000|  0%| F|  |TAMS 0x00000000e7b00000| PB 0x00000000e7b00000| Untracked 
| 124|0x00000000e7c00000, 0x00000000e7c80000, 0x00000000e7d00000| 50%| E|  |TAMS 0x00000000e7c00000| PB 0x00000000e7c00000| Complete 
| 125|0x00000000e7d00000, 0x00000000e7e00000, 0x00000000e7e00000|100%| E|CS|TAMS 0x00000000e7d00000| PB 0x00000000e7d00000| Complete 
| 126|0x00000000e7e00000, 0x00000000e7f00000, 0x00000000e7f00000|100%| E|CS|TAMS 0x00000000e7e00000| PB 0x00000000e7e00000| Complete 
| 127|0x00000000e7f00000, 0x00000000e8000000, 0x00000000e8000000|100%| E|CS|TAMS 0x00000000e7f00000| PB 0x00000000e7f00000| Complete 
| 128|0x00000000e8000000, 0x00000000e8100000, 0x00000000e8100000|100%| E|CS|TAMS 0x00000000e8000000| PB 0x00000000e8000000| Complete 
| 129|0x00000000e8100000, 0x00000000e8200000, 0x00000000e8200000|100%| E|CS|TAMS 0x00000000e8100000| PB 0x00000000e8100000| Complete 
| 130|0x00000000e8200000, 0x00000000e8300000, 0x00000000e8300000|100%| E|CS|TAMS 0x00000000e8200000| PB 0x00000000e8200000| Complete 
| 131|0x00000000e8300000, 0x00000000e8400000, 0x00000000e8400000|100%| E|CS|TAMS 0x00000000e8300000| PB 0x00000000e8300000| Complete 
| 132|0x00000000e8400000, 0x00000000e8500000, 0x00000000e8500000|100%| E|CS|TAMS 0x00000000e8400000| PB 0x00000000e8400000| Complete 
| 133|0x00000000e8500000, 0x00000000e8600000, 0x00000000e8600000|100%| E|CS|TAMS 0x00000000e8500000| PB 0x00000000e8500000| Complete 
| 134|0x00000000e8600000, 0x00000000e8700000, 0x00000000e8700000|100%| E|CS|TAMS 0x00000000e8600000| PB 0x00000000e8600000| Complete 
| 135|0x00000000e8700000, 0x00000000e8800000, 0x00000000e8800000|100%| E|CS|TAMS 0x00000000e8700000| PB 0x00000000e8700000| Complete 
| 136|0x00000000e8800000, 0x00000000e8900000, 0x00000000e8900000|100%| E|CS|TAMS 0x00000000e8800000| PB 0x00000000e8800000| Complete 
| 137|0x00000000e8900000, 0x00000000e8a00000, 0x00000000e8a00000|100%| E|CS|TAMS 0x00000000e8900000| PB 0x00000000e8900000| Complete 
| 138|0x00000000e8a00000, 0x00000000e8b00000, 0x00000000e8b00000|100%| E|CS|TAMS 0x00000000e8a00000| PB 0x00000000e8a00000| Complete 
| 139|0x00000000e8b00000, 0x00000000e8c00000, 0x00000000e8c00000|100%| E|CS|TAMS 0x00000000e8b00000| PB 0x00000000e8b00000| Complete 
| 140|0x00000000e8c00000, 0x00000000e8d00000, 0x00000000e8d00000|100%| E|CS|TAMS 0x00000000e8c00000| PB 0x00000000e8c00000| Complete 
| 141|0x00000000e8d00000, 0x00000000e8e00000, 0x00000000e8e00000|100%| E|CS|TAMS 0x00000000e8d00000| PB 0x00000000e8d00000| Complete 
| 142|0x00000000e8e00000, 0x00000000e8f00000, 0x00000000e8f00000|100%| E|CS|TAMS 0x00000000e8e00000| PB 0x00000000e8e00000| Complete 
| 143|0x00000000e8f00000, 0x00000000e9000000, 0x00000000e9000000|100%| E|CS|TAMS 0x00000000e8f00000| PB 0x00000000e8f00000| Complete 
| 144|0x00000000e9000000, 0x00000000e9100000, 0x00000000e9100000|100%| E|CS|TAMS 0x00000000e9000000| PB 0x00000000e9000000| Complete 
| 145|0x00000000e9100000, 0x00000000e9200000, 0x00000000e9200000|100%| E|CS|TAMS 0x00000000e9100000| PB 0x00000000e9100000| Complete 
| 146|0x00000000e9200000, 0x00000000e9300000, 0x00000000e9300000|100%| E|CS|TAMS 0x00000000e9200000| PB 0x00000000e9200000| Complete 
| 147|0x00000000e9300000, 0x00000000e9400000, 0x00000000e9400000|100%| E|CS|TAMS 0x00000000e9300000| PB 0x00000000e9300000| Complete 
| 148|0x00000000e9400000, 0x00000000e9500000, 0x00000000e9500000|100%| E|CS|TAMS 0x00000000e9400000| PB 0x00000000e9400000| Complete 
| 149|0x00000000e9500000, 0x00000000e9600000, 0x00000000e9600000|100%| E|CS|TAMS 0x00000000e9500000| PB 0x00000000e9500000| Complete 
| 150|0x00000000e9600000, 0x00000000e9700000, 0x00000000e9700000|100%| E|CS|TAMS 0x00000000e9600000| PB 0x00000000e9600000| Complete 
| 151|0x00000000e9700000, 0x00000000e9800000, 0x00000000e9800000|100%| E|CS|TAMS 0x00000000e9700000| PB 0x00000000e9700000| Complete 
| 152|0x00000000e9800000, 0x00000000e9900000, 0x00000000e9900000|100%| E|CS|TAMS 0x00000000e9800000| PB 0x00000000e9800000| Complete 
| 153|0x00000000e9900000, 0x00000000e9a00000, 0x00000000e9a00000|100%| E|CS|TAMS 0x00000000e9900000| PB 0x00000000e9900000| Complete 
| 154|0x00000000e9a00000, 0x00000000e9b00000, 0x00000000e9b00000|100%| E|CS|TAMS 0x00000000e9a00000| PB 0x00000000e9a00000| Complete 
| 155|0x00000000e9b00000, 0x00000000e9c00000, 0x00000000e9c00000|100%| E|CS|TAMS 0x00000000e9b00000| PB 0x00000000e9b00000| Complete 
| 156|0x00000000e9c00000, 0x00000000e9d00000, 0x00000000e9d00000|100%| E|CS|TAMS 0x00000000e9c00000| PB 0x00000000e9c00000| Complete 
| 157|0x00000000e9d00000, 0x00000000e9e00000, 0x00000000e9e00000|100%| E|CS|TAMS 0x00000000e9d00000| PB 0x00000000e9d00000| Complete 
| 158|0x00000000e9e00000, 0x00000000e9f00000, 0x00000000e9f00000|100%| E|CS|TAMS 0x00000000e9e00000| PB 0x00000000e9e00000| Complete 
| 159|0x00000000e9f00000, 0x00000000ea000000, 0x00000000ea000000|100%| E|CS|TAMS 0x00000000e9f00000| PB 0x00000000e9f00000| Complete 
| 160|0x00000000ea000000, 0x00000000ea100000, 0x00000000ea100000|100%| E|CS|TAMS 0x00000000ea000000| PB 0x00000000ea000000| Complete 
| 161|0x00000000ea100000, 0x00000000ea200000, 0x00000000ea200000|100%| E|CS|TAMS 0x00000000ea100000| PB 0x00000000ea100000| Complete 
| 162|0x00000000ea200000, 0x00000000ea300000, 0x00000000ea300000|100%| E|CS|TAMS 0x00000000ea200000| PB 0x00000000ea200000| Complete 
| 163|0x00000000ea300000, 0x00000000ea400000, 0x00000000ea400000|100%| E|CS|TAMS 0x00000000ea300000| PB 0x00000000ea300000| Complete 
| 164|0x00000000ea400000, 0x00000000ea500000, 0x00000000ea500000|100%| E|CS|TAMS 0x00000000ea400000| PB 0x00000000ea400000| Complete 
| 165|0x00000000ea500000, 0x00000000ea600000, 0x00000000ea600000|100%| E|CS|TAMS 0x00000000ea500000| PB 0x00000000ea500000| Complete 
| 166|0x00000000ea600000, 0x00000000ea700000, 0x00000000ea700000|100%| E|  |TAMS 0x00000000ea600000| PB 0x00000000ea600000| Complete 
| 167|0x00000000ea700000, 0x00000000ea800000, 0x00000000ea800000|100%| E|CS|TAMS 0x00000000ea700000| PB 0x00000000ea700000| Complete 
| 168|0x00000000ea800000, 0x00000000ea900000, 0x00000000ea900000|100%| E|CS|TAMS 0x00000000ea800000| PB 0x00000000ea800000| Complete 
| 169|0x00000000ea900000, 0x00000000eaa00000, 0x00000000eaa00000|100%| E|CS|TAMS 0x00000000ea900000| PB 0x00000000ea900000| Complete 
| 170|0x00000000eaa00000, 0x00000000eab00000, 0x00000000eab00000|100%| E|CS|TAMS 0x00000000eaa00000| PB 0x00000000eaa00000| Complete 
| 171|0x00000000eab00000, 0x00000000eac00000, 0x00000000eac00000|100%| E|CS|TAMS 0x00000000eab00000| PB 0x00000000eab00000| Complete 
| 172|0x00000000eac00000, 0x00000000ead00000, 0x00000000ead00000|100%| E|CS|TAMS 0x00000000eac00000| PB 0x00000000eac00000| Complete 
| 173|0x00000000ead00000, 0x00000000eae00000, 0x00000000eae00000|100%| E|CS|TAMS 0x00000000ead00000| PB 0x00000000ead00000| Complete 
| 174|0x00000000eae00000, 0x00000000eaf00000, 0x00000000eaf00000|100%| E|CS|TAMS 0x00000000eae00000| PB 0x00000000eae00000| Complete 
| 175|0x00000000eaf00000, 0x00000000eb000000, 0x00000000eb000000|100%| E|CS|TAMS 0x00000000eaf00000| PB 0x00000000eaf00000| Complete 
| 176|0x00000000eb000000, 0x00000000eb100000, 0x00000000eb100000|100%| E|CS|TAMS 0x00000000eb000000| PB 0x00000000eb000000| Complete 
| 177|0x00000000eb100000, 0x00000000eb200000, 0x00000000eb200000|100%| E|CS|TAMS 0x00000000eb100000| PB 0x00000000eb100000| Complete 
| 178|0x00000000eb200000, 0x00000000eb300000, 0x00000000eb300000|100%| E|CS|TAMS 0x00000000eb200000| PB 0x00000000eb200000| Complete 
| 179|0x00000000eb300000, 0x00000000eb400000, 0x00000000eb400000|100%| E|CS|TAMS 0x00000000eb300000| PB 0x00000000eb300000| Complete 
| 180|0x00000000eb400000, 0x00000000eb500000, 0x00000000eb500000|100%| E|CS|TAMS 0x00000000eb400000| PB 0x00000000eb400000| Complete 
| 181|0x00000000eb500000, 0x00000000eb600000, 0x00000000eb600000|100%| E|CS|TAMS 0x00000000eb500000| PB 0x00000000eb500000| Complete 
| 182|0x00000000eb600000, 0x00000000eb700000, 0x00000000eb700000|100%| E|CS|TAMS 0x00000000eb600000| PB 0x00000000eb600000| Complete 
| 183|0x00000000eb700000, 0x00000000eb800000, 0x00000000eb800000|100%| E|CS|TAMS 0x00000000eb700000| PB 0x00000000eb700000| Complete 
| 184|0x00000000eb800000, 0x00000000eb900000, 0x00000000eb900000|100%| E|CS|TAMS 0x00000000eb800000| PB 0x00000000eb800000| Complete 
| 185|0x00000000eb900000, 0x00000000eba00000, 0x00000000eba00000|100%| E|CS|TAMS 0x00000000eb900000| PB 0x00000000eb900000| Complete 
| 186|0x00000000eba00000, 0x00000000ebb00000, 0x00000000ebb00000|100%| E|CS|TAMS 0x00000000eba00000| PB 0x00000000eba00000| Complete 
| 187|0x00000000ebb00000, 0x00000000ebc00000, 0x00000000ebc00000|100%| E|CS|TAMS 0x00000000ebb00000| PB 0x00000000ebb00000| Complete 
| 188|0x00000000ebc00000, 0x00000000ebd00000, 0x00000000ebd00000|100%| E|CS|TAMS 0x00000000ebc00000| PB 0x00000000ebc00000| Complete 
| 189|0x00000000ebd00000, 0x00000000ebe00000, 0x00000000ebe00000|100%| E|CS|TAMS 0x00000000ebd00000| PB 0x00000000ebd00000| Complete 
| 190|0x00000000ebe00000, 0x00000000ebf00000, 0x00000000ebf00000|100%| E|CS|TAMS 0x00000000ebe00000| PB 0x00000000ebe00000| Complete 
| 191|0x00000000ebf00000, 0x00000000ec000000, 0x00000000ec000000|100%| E|CS|TAMS 0x00000000ebf00000| PB 0x00000000ebf00000| Complete 
| 192|0x00000000ec000000, 0x00000000ec100000, 0x00000000ec100000|100%| E|CS|TAMS 0x00000000ec000000| PB 0x00000000ec000000| Complete 
| 193|0x00000000ec100000, 0x00000000ec200000, 0x00000000ec200000|100%| E|CS|TAMS 0x00000000ec100000| PB 0x00000000ec100000| Complete 
| 194|0x00000000ec200000, 0x00000000ec300000, 0x00000000ec300000|100%| E|CS|TAMS 0x00000000ec200000| PB 0x00000000ec200000| Complete 
| 195|0x00000000ec300000, 0x00000000ec400000, 0x00000000ec400000|100%| E|CS|TAMS 0x00000000ec300000| PB 0x00000000ec300000| Complete 
| 196|0x00000000ec400000, 0x00000000ec500000, 0x00000000ec500000|100%| E|CS|TAMS 0x00000000ec400000| PB 0x00000000ec400000| Complete 
| 197|0x00000000ec500000, 0x00000000ec600000, 0x00000000ec600000|100%| E|CS|TAMS 0x00000000ec500000| PB 0x00000000ec500000| Complete 
| 198|0x00000000ec600000, 0x00000000ec700000, 0x00000000ec700000|100%| E|CS|TAMS 0x00000000ec600000| PB 0x00000000ec600000| Complete 
| 199|0x00000000ec700000, 0x00000000ec800000, 0x00000000ec800000|100%| E|CS|TAMS 0x00000000ec700000| PB 0x00000000ec700000| Complete 
| 200|0x00000000ec800000, 0x00000000ec900000, 0x00000000ec900000|100%| E|CS|TAMS 0x00000000ec800000| PB 0x00000000ec800000| Complete 
| 201|0x00000000ec900000, 0x00000000eca00000, 0x00000000eca00000|100%| E|CS|TAMS 0x00000000ec900000| PB 0x00000000ec900000| Complete 
| 202|0x00000000eca00000, 0x00000000ecb00000, 0x00000000ecb00000|100%| E|CS|TAMS 0x00000000eca00000| PB 0x00000000eca00000| Complete 
| 203|0x00000000ecb00000, 0x00000000ecc00000, 0x00000000ecc00000|100%| E|CS|TAMS 0x00000000ecb00000| PB 0x00000000ecb00000| Complete 
| 204|0x00000000ecc00000, 0x00000000ecd00000, 0x00000000ecd00000|100%| E|CS|TAMS 0x00000000ecc00000| PB 0x00000000ecc00000| Complete 
| 205|0x00000000ecd00000, 0x00000000ece00000, 0x00000000ece00000|100%| E|CS|TAMS 0x00000000ecd00000| PB 0x00000000ecd00000| Complete 
| 206|0x00000000ece00000, 0x00000000ecf00000, 0x00000000ecf00000|100%| E|CS|TAMS 0x00000000ece00000| PB 0x00000000ece00000| Complete 
| 207|0x00000000ecf00000, 0x00000000ed000000, 0x00000000ed000000|100%| E|CS|TAMS 0x00000000ecf00000| PB 0x00000000ecf00000| Complete 
| 208|0x00000000ed000000, 0x00000000ed100000, 0x00000000ed100000|100%| E|CS|TAMS 0x00000000ed000000| PB 0x00000000ed000000| Complete 
| 209|0x00000000ed100000, 0x00000000ed200000, 0x00000000ed200000|100%| E|CS|TAMS 0x00000000ed100000| PB 0x00000000ed100000| Complete 
| 210|0x00000000ed200000, 0x00000000ed300000, 0x00000000ed300000|100%| E|CS|TAMS 0x00000000ed200000| PB 0x00000000ed200000| Complete 
| 211|0x00000000ed300000, 0x00000000ed400000, 0x00000000ed400000|100%| E|CS|TAMS 0x00000000ed300000| PB 0x00000000ed300000| Complete 
| 212|0x00000000ed400000, 0x00000000ed500000, 0x00000000ed500000|100%| E|CS|TAMS 0x00000000ed400000| PB 0x00000000ed400000| Complete 
| 213|0x00000000ed500000, 0x00000000ed600000, 0x00000000ed600000|100%| E|CS|TAMS 0x00000000ed500000| PB 0x00000000ed500000| Complete 
| 214|0x00000000ed600000, 0x00000000ed700000, 0x00000000ed700000|100%| E|CS|TAMS 0x00000000ed600000| PB 0x00000000ed600000| Complete 
| 215|0x00000000ed700000, 0x00000000ed800000, 0x00000000ed800000|100%| E|CS|TAMS 0x00000000ed700000| PB 0x00000000ed700000| Complete 
| 216|0x00000000ed800000, 0x00000000ed900000, 0x00000000ed900000|100%| E|CS|TAMS 0x00000000ed800000| PB 0x00000000ed800000| Complete 
| 217|0x00000000ed900000, 0x00000000eda00000, 0x00000000eda00000|100%| E|CS|TAMS 0x00000000ed900000| PB 0x00000000ed900000| Complete 
| 218|0x00000000eda00000, 0x00000000edb00000, 0x00000000edb00000|100%| E|CS|TAMS 0x00000000eda00000| PB 0x00000000eda00000| Complete 
| 219|0x00000000edb00000, 0x00000000edc00000, 0x00000000edc00000|100%| E|CS|TAMS 0x00000000edb00000| PB 0x00000000edb00000| Complete 
| 220|0x00000000edc00000, 0x00000000edd00000, 0x00000000edd00000|100%| E|CS|TAMS 0x00000000edc00000| PB 0x00000000edc00000| Complete 
| 221|0x00000000edd00000, 0x00000000ede00000, 0x00000000ede00000|100%| E|CS|TAMS 0x00000000edd00000| PB 0x00000000edd00000| Complete 
| 222|0x00000000ede00000, 0x00000000edf00000, 0x00000000edf00000|100%| E|CS|TAMS 0x00000000ede00000| PB 0x00000000ede00000| Complete 
| 223|0x00000000edf00000, 0x00000000ee000000, 0x00000000ee000000|100%| E|CS|TAMS 0x00000000edf00000| PB 0x00000000edf00000| Complete 
| 224|0x00000000ee000000, 0x00000000ee100000, 0x00000000ee100000|100%| E|CS|TAMS 0x00000000ee000000| PB 0x00000000ee000000| Complete 
| 225|0x00000000ee100000, 0x00000000ee200000, 0x00000000ee200000|100%| E|CS|TAMS 0x00000000ee100000| PB 0x00000000ee100000| Complete 
| 226|0x00000000ee200000, 0x00000000ee300000, 0x00000000ee300000|100%| E|CS|TAMS 0x00000000ee200000| PB 0x00000000ee200000| Complete 
| 227|0x00000000ee300000, 0x00000000ee400000, 0x00000000ee400000|100%| E|CS|TAMS 0x00000000ee300000| PB 0x00000000ee300000| Complete 
| 228|0x00000000ee400000, 0x00000000ee500000, 0x00000000ee500000|100%| E|CS|TAMS 0x00000000ee400000| PB 0x00000000ee400000| Complete 
| 229|0x00000000ee500000, 0x00000000ee600000, 0x00000000ee600000|100%| E|CS|TAMS 0x00000000ee500000| PB 0x00000000ee500000| Complete 
| 230|0x00000000ee600000, 0x00000000ee700000, 0x00000000ee700000|100%| E|CS|TAMS 0x00000000ee600000| PB 0x00000000ee600000| Complete 
| 231|0x00000000ee700000, 0x00000000ee800000, 0x00000000ee800000|100%| E|CS|TAMS 0x00000000ee700000| PB 0x00000000ee700000| Complete 
| 232|0x00000000ee800000, 0x00000000ee900000, 0x00000000ee900000|100%| E|CS|TAMS 0x00000000ee800000| PB 0x00000000ee800000| Complete 
| 233|0x00000000ee900000, 0x00000000eea00000, 0x00000000eea00000|100%| E|CS|TAMS 0x00000000ee900000| PB 0x00000000ee900000| Complete 
| 234|0x00000000eea00000, 0x00000000eeb00000, 0x00000000eeb00000|100%| E|CS|TAMS 0x00000000eea00000| PB 0x00000000eea00000| Complete 
| 235|0x00000000eeb00000, 0x00000000eec00000, 0x00000000eec00000|100%| E|CS|TAMS 0x00000000eeb00000| PB 0x00000000eeb00000| Complete 
| 236|0x00000000eec00000, 0x00000000eed00000, 0x00000000eed00000|100%| E|CS|TAMS 0x00000000eec00000| PB 0x00000000eec00000| Complete 
| 237|0x00000000eed00000, 0x00000000eee00000, 0x00000000eee00000|100%| E|CS|TAMS 0x00000000eed00000| PB 0x00000000eed00000| Complete 
| 238|0x00000000eee00000, 0x00000000eef00000, 0x00000000eef00000|100%| E|CS|TAMS 0x00000000eee00000| PB 0x00000000eee00000| Complete 
| 239|0x00000000eef00000, 0x00000000ef000000, 0x00000000ef000000|100%| E|CS|TAMS 0x00000000eef00000| PB 0x00000000eef00000| Complete 
| 240|0x00000000ef000000, 0x00000000ef100000, 0x00000000ef100000|100%| E|CS|TAMS 0x00000000ef000000| PB 0x00000000ef000000| Complete 
| 241|0x00000000ef100000, 0x00000000ef200000, 0x00000000ef200000|100%| E|CS|TAMS 0x00000000ef100000| PB 0x00000000ef100000| Complete 
| 242|0x00000000ef200000, 0x00000000ef300000, 0x00000000ef300000|100%| E|CS|TAMS 0x00000000ef200000| PB 0x00000000ef200000| Complete 
| 243|0x00000000ef300000, 0x00000000ef400000, 0x00000000ef400000|100%| E|CS|TAMS 0x00000000ef300000| PB 0x00000000ef300000| Complete 
| 244|0x00000000ef400000, 0x00000000ef500000, 0x00000000ef500000|100%| E|CS|TAMS 0x00000000ef400000| PB 0x00000000ef400000| Complete 
| 245|0x00000000ef500000, 0x00000000ef600000, 0x00000000ef600000|100%| E|CS|TAMS 0x00000000ef500000| PB 0x00000000ef500000| Complete 
| 246|0x00000000ef600000, 0x00000000ef700000, 0x00000000ef700000|100%| E|CS|TAMS 0x00000000ef600000| PB 0x00000000ef600000| Complete 
| 247|0x00000000ef700000, 0x00000000ef800000, 0x00000000ef800000|100%| E|CS|TAMS 0x00000000ef700000| PB 0x00000000ef700000| Complete 
| 248|0x00000000ef800000, 0x00000000ef900000, 0x00000000ef900000|100%| E|CS|TAMS 0x00000000ef800000| PB 0x00000000ef800000| Complete 
| 249|0x00000000ef900000, 0x00000000efa00000, 0x00000000efa00000|100%| E|CS|TAMS 0x00000000ef900000| PB 0x00000000ef900000| Complete 
| 250|0x00000000efa00000, 0x00000000efb00000, 0x00000000efb00000|100%| E|CS|TAMS 0x00000000efa00000| PB 0x00000000efa00000| Complete 
| 251|0x00000000efb00000, 0x00000000efc00000, 0x00000000efc00000|100%| E|CS|TAMS 0x00000000efb00000| PB 0x00000000efb00000| Complete 
| 252|0x00000000efc00000, 0x00000000efd00000, 0x00000000efd00000|100%| E|CS|TAMS 0x00000000efc00000| PB 0x00000000efc00000| Complete 
| 253|0x00000000efd00000, 0x00000000efe00000, 0x00000000efe00000|100%| E|CS|TAMS 0x00000000efd00000| PB 0x00000000efd00000| Complete 
| 254|0x00000000efe00000, 0x00000000eff00000, 0x00000000eff00000|100%| E|CS|TAMS 0x00000000efe00000| PB 0x00000000efe00000| Complete 
| 255|0x00000000eff00000, 0x00000000f0000000, 0x00000000f0000000|100%| E|CS|TAMS 0x00000000eff00000| PB 0x00000000eff00000| Complete 

Card table byte_map: [0x0000022c74050000,0x0000022c74150000] _byte_map_base: 0x0000022c73950000

Marking Bits: (CMBitMap*) 0x0000022c6bbcf4f0
 Bits: [0x0000022c74150000, 0x0000022c74950000)

Polling page: 0x0000022c69af0000

Metaspace:

Usage:
  Non-class:     59.84 MB used.
      Class:      9.62 MB used.
       Both:     69.46 MB used.

Virtual space:
  Non-class space:       64.00 MB reserved,      60.94 MB ( 95%) committed,  1 nodes.
      Class space:      320.00 MB reserved,      10.75 MB (  3%) committed,  1 nodes.
             Both:      384.00 MB reserved,      71.69 MB ( 19%) committed. 

Chunk freelists:
   Non-Class:  2.19 MB
       Class:  5.17 MB
        Both:  7.36 MB

MaxMetaspaceSize: 384.00 MB
CompressedClassSpaceSize: 320.00 MB
Initial GC threshold: 21.00 MB
Current GC threshold: 101.19 MB
CDS: on
 - commit_granule_bytes: 65536.
 - commit_granule_words: 8192.
 - virtual_space_node_default_size: 8388608.
 - enlarge_chunks_in_place: 1.
 - use_allocation_guard: 0.


Internal statistics:

num_allocs_failed_limit: 18.
num_arena_births: 4064.
num_arena_deaths: 0.
num_vsnodes_births: 2.
num_vsnodes_deaths: 0.
num_space_committed: 1147.
num_space_uncommitted: 0.
num_chunks_returned_to_freelist: 18.
num_chunks_taken_from_freelist: 7558.
num_chunk_merges: 15.
num_chunk_splits: 4745.
num_chunks_enlarged: 2762.
num_inconsistent_stats: 0.

CodeHeap 'non-profiled nmethods': size=120000Kb used=5468Kb max_used=5468Kb free=114531Kb
 bounds [0x0000022c07ad0000, 0x0000022c08030000, 0x0000022c0f000000]
CodeHeap 'profiled nmethods': size=120000Kb used=21778Kb max_used=21778Kb free=98221Kb
 bounds [0x0000022c00000000, 0x0000022c01550000, 0x0000022c07530000]
CodeHeap 'non-nmethods': size=5760Kb used=3104Kb max_used=3152Kb free=2655Kb
 bounds [0x0000022c07530000, 0x0000022c07860000, 0x0000022c07ad0000]
 total_blobs=12037 nmethods=11094 adapters=845
 compilation: enabled
              stopped_count=0, restarted_count=0
 full_count=0

Compilation events (20 events):
Event: 26.847 Thread 0x0000022c7b165a60 11832       3       org.gradle.api.internal.artifacts.configurations.DefaultConfiguration::maybePreventMutation (110 bytes)
Event: 26.848 Thread 0x0000022c7b165a60 nmethod 11832 0x0000022c0153bc90 code [0x0000022c0153c000, 0x0000022c0153d740]
Event: 26.848 Thread 0x0000022c7b165a60 11835       3       org.gradle.internal.code.DefaultUserCodeApplicationContext$CurrentApplication::reapplyLater (10 bytes)
Event: 26.849 Thread 0x0000022c7b165a60 nmethod 11835 0x0000022c0153dd90 code [0x0000022c0153df40, 0x0000022c0153e220]
Event: 26.849 Thread 0x0000022c7b165a60 11836       3       org.gradle.internal.code.DefaultUserCodeApplicationContext$CurrentApplication$1::<init> (15 bytes)
Event: 26.849 Thread 0x0000022c7b165a60 nmethod 11836 0x0000022c0153e310 code [0x0000022c0153e4c0, 0x0000022c0153e6e0]
Event: 26.849 Thread 0x0000022c7b165a60 11834       3       java.lang.invoke.LambdaForm$DMH/0x0000022c10388000::newInvokeSpecial (36 bytes)
Event: 26.849 Thread 0x0000022c7b165a60 nmethod 11834 0x0000022c0153e790 code [0x0000022c0153e980, 0x0000022c0153f168]
Event: 26.849 Thread 0x0000022c7b165a60 11837       1       org.gradle.internal.event.BroadcastDispatch$SingletonDispatch::access$200 (5 bytes)
Event: 26.849 Thread 0x0000022c7b165a60 nmethod 11837 0x0000022c08026d90 code [0x0000022c08026f20, 0x0000022c08026fd0]
Event: 26.850 Thread 0x0000022c7b165a60 11838       1       groovy.lang.Closure::getResolveStrategy (5 bytes)
Event: 26.850 Thread 0x0000022c7b165a60 nmethod 11838 0x0000022c08027090 code [0x0000022c08027220, 0x0000022c080272e8]
Event: 26.851 Thread 0x0000022c7b165a60 11839       3       org.codehaus.groovy.runtime.metaclass.MetaClassRegistryImpl::getMetaClass (8 bytes)
Event: 26.852 Thread 0x0000022c7b165a60 nmethod 11839 0x0000022c0153f390 code [0x0000022c0153f6a0, 0x0000022c01540700]
Event: 26.852 Thread 0x0000022c7b165a60 11840       3       org.gradle.api.internal.artifacts.configurations.DefaultConfiguration$$Lambda/0x0000022c10657000::validateMutation (9 bytes)
Event: 26.852 Thread 0x0000022c7b165a60 nmethod 11840 0x0000022c01540c90 code [0x0000022c01540e40, 0x0000022c01540f80]
Event: 26.852 Thread 0x0000022c7b165a60 11841       3       org.gradle.api.internal.artifacts.configurations.DefaultConfiguration::validateParentMutation (62 bytes)
Event: 26.853 Thread 0x0000022c7b165a60 nmethod 11841 0x0000022c01541090 code [0x0000022c01541440, 0x0000022c01542aa8]
Event: 26.854 Thread 0x0000022c7b165a60 11842       3       java.util.regex.Pattern$CharPropertyGreedy::study (45 bytes)
Event: 26.854 Thread 0x0000022c7b165a60 nmethod 11842 0x0000022c01543190 code [0x0000022c01543340, 0x0000022c01543578]

GC Heap History (20 events):
Event: 0.683 GC heap before
{Heap before GC invocations=1 (full 0):
 garbage-first heap   total 262144K, used 28992K [0x00000000e0000000, 0x0000000100000000)
  region size 1024K, 27 young (27648K), 2 survivors (2048K)
 Metaspace       used 3486K, committed 3648K, reserved 393216K
  class space    used 439K, committed 512K, reserved 327680K
}
Event: 0.687 GC heap after
{Heap after GC invocations=2 (full 0):
 garbage-first heap   total 262144K, used 10602K [0x00000000e0000000, 0x0000000100000000)
  region size 1024K, 4 young (4096K), 4 survivors (4096K)
 Metaspace       used 3486K, committed 3648K, reserved 393216K
  class space    used 439K, committed 512K, reserved 327680K
}
Event: 2.973 GC heap before
{Heap before GC invocations=2 (full 0):
 garbage-first heap   total 262144K, used 165226K [0x00000000e0000000, 0x0000000100000000)
  region size 1024K, 153 young (156672K), 4 survivors (4096K)
 Metaspace       used 19892K, committed 20480K, reserved 393216K
  class space    used 2836K, committed 3136K, reserved 327680K
}
Event: 2.994 GC heap after
{Heap after GC invocations=3 (full 0):
 garbage-first heap   total 262144K, used 23402K [0x00000000e0000000, 0x0000000100000000)
  region size 1024K, 16 young (16384K), 16 survivors (16384K)
 Metaspace       used 19892K, committed 20480K, reserved 393216K
  class space    used 2836K, committed 3136K, reserved 327680K
}
Event: 3.098 GC heap before
{Heap before GC invocations=3 (full 0):
 garbage-first heap   total 262144K, used 32618K [0x00000000e0000000, 0x0000000100000000)
  region size 1024K, 26 young (26624K), 16 survivors (16384K)
 Metaspace       used 20846K, committed 21504K, reserved 393216K
  class space    used 2994K, committed 3328K, reserved 327680K
}
Event: 3.170 GC heap after
{Heap after GC invocations=4 (full 0):
 garbage-first heap   total 262144K, used 24641K [0x00000000e0000000, 0x0000000100000000)
  region size 1024K, 2 young (2048K), 2 survivors (2048K)
 Metaspace       used 20846K, committed 21504K, reserved 393216K
  class space    used 2994K, committed 3328K, reserved 327680K
}
Event: 4.893 GC heap before
{Heap before GC invocations=5 (full 0):
 garbage-first heap   total 262144K, used 137281K [0x00000000e0000000, 0x0000000100000000)
  region size 1024K, 109 young (111616K), 2 survivors (2048K)
 Metaspace       used 34933K, committed 35968K, reserved 393216K
  class space    used 4796K, committed 5312K, reserved 327680K
}
Event: 4.910 GC heap after
{Heap after GC invocations=6 (full 0):
 garbage-first heap   total 262144K, used 32086K [0x00000000e0000000, 0x0000000100000000)
  region size 1024K, 9 young (9216K), 9 survivors (9216K)
 Metaspace       used 34933K, committed 35968K, reserved 393216K
  class space    used 4796K, committed 5312K, reserved 327680K
}
Event: 4.988 GC heap before
{Heap before GC invocations=6 (full 0):
 garbage-first heap   total 262144K, used 36182K [0x00000000e0000000, 0x0000000100000000)
  region size 1024K, 14 young (14336K), 9 survivors (9216K)
 Metaspace       used 35209K, committed 36288K, reserved 393216K
  class space    used 4824K, committed 5376K, reserved 327680K
}
Event: 5.005 GC heap after
{Heap after GC invocations=7 (full 0):
 garbage-first heap   total 262144K, used 32682K [0x00000000e0000000, 0x0000000100000000)
  region size 1024K, 10 young (10240K), 10 survivors (10240K)
 Metaspace       used 35209K, committed 36288K, reserved 393216K
  class space    used 4824K, committed 5376K, reserved 327680K
}
Event: 5.050 GC heap before
{Heap before GC invocations=7 (full 0):
 garbage-first heap   total 262144K, used 35754K [0x00000000e0000000, 0x0000000100000000)
  region size 1024K, 14 young (14336K), 10 survivors (10240K)
 Metaspace       used 35510K, committed 36608K, reserved 393216K
  class space    used 4873K, committed 5440K, reserved 327680K
}
Event: 5.057 GC heap after
{Heap after GC invocations=8 (full 0):
 garbage-first heap   total 262144K, used 32747K [0x00000000e0000000, 0x0000000100000000)
  region size 1024K, 10 young (10240K), 10 survivors (10240K)
 Metaspace       used 35510K, committed 36608K, reserved 393216K
  class space    used 4873K, committed 5440K, reserved 327680K
}
Event: 7.212 GC heap before
{Heap before GC invocations=9 (full 0):
 garbage-first heap   total 262144K, used 180203K [0x00000000e0000000, 0x0000000100000000)
  region size 1024K, 153 young (156672K), 10 survivors (10240K)
 Metaspace       used 53503K, committed 55296K, reserved 393216K
  class space    used 7479K, committed 8384K, reserved 327680K
}
Event: 7.244 GC heap after
{Heap after GC invocations=10 (full 0):
 garbage-first heap   total 262144K, used 42069K [0x00000000e0000000, 0x0000000100000000)
  region size 1024K, 19 young (19456K), 19 survivors (19456K)
 Metaspace       used 53503K, committed 55296K, reserved 393216K
  class space    used 7479K, committed 8384K, reserved 327680K
}
Event: 10.153 GC heap before
{Heap before GC invocations=10 (full 0):
 garbage-first heap   total 262144K, used 94293K [0x00000000e0000000, 0x0000000100000000)
  region size 1024K, 71 young (72704K), 19 survivors (19456K)
 Metaspace       used 59654K, committed 61568K, reserved 393216K
  class space    used 8317K, committed 9280K, reserved 327680K
}
Event: 10.171 GC heap after
{Heap after GC invocations=11 (full 0):
 garbage-first heap   total 262144K, used 45148K [0x00000000e0000000, 0x0000000100000000)
  region size 1024K, 14 young (14336K), 14 survivors (14336K)
 Metaspace       used 59654K, committed 61568K, reserved 393216K
  class space    used 8317K, committed 9280K, reserved 327680K
}
Event: 10.213 GC heap before
{Heap before GC invocations=11 (full 0):
 garbage-first heap   total 262144K, used 49244K [0x00000000e0000000, 0x0000000100000000)
  region size 1024K, 19 young (19456K), 14 survivors (14336K)
 Metaspace       used 59974K, committed 61888K, reserved 393216K
  class space    used 8382K, committed 9344K, reserved 327680K
}
Event: 10.227 GC heap after
{Heap after GC invocations=12 (full 0):
 garbage-first heap   total 262144K, used 46080K [0x00000000e0000000, 0x0000000100000000)
  region size 1024K, 4 young (4096K), 4 survivors (4096K)
 Metaspace       used 59974K, committed 61888K, reserved 393216K
  class space    used 8382K, committed 9344K, reserved 327680K
}
Event: 12.590 GC heap before
{Heap before GC invocations=13 (full 0):
 garbage-first heap   total 262144K, used 197632K [0x00000000e0000000, 0x0000000100000000)
  region size 1024K, 153 young (156672K), 4 survivors (4096K)
 Metaspace       used 65407K, committed 67456K, reserved 393216K
  class space    used 8995K, committed 9984K, reserved 327680K
}
Event: 12.610 GC heap after
{Heap after GC invocations=14 (full 0):
 garbage-first heap   total 262144K, used 58880K [0x00000000e0000000, 0x0000000100000000)
  region size 1024K, 17 young (17408K), 17 survivors (17408K)
 Metaspace       used 65407K, committed 67456K, reserved 393216K
  class space    used 8995K, committed 9984K, reserved 327680K
}

Dll operation events (15 events):
Event: 0.010 Loaded shared library C:\Program Files\Java\jdk-21\bin\java.dll
Event: 0.036 Loaded shared library C:\Program Files\Java\jdk-21\bin\jsvml.dll
Event: 0.069 Loaded shared library C:\Program Files\Java\jdk-21\bin\zip.dll
Event: 0.073 Loaded shared library C:\Program Files\Java\jdk-21\bin\instrument.dll
Event: 0.076 Loaded shared library C:\Program Files\Java\jdk-21\bin\net.dll
Event: 0.077 Loaded shared library C:\Program Files\Java\jdk-21\bin\nio.dll
Event: 0.079 Loaded shared library C:\Program Files\Java\jdk-21\bin\zip.dll
Event: 0.301 Loaded shared library C:\Program Files\Java\jdk-21\bin\jimage.dll
Event: 0.432 Loaded shared library C:\Program Files\Java\jdk-21\bin\verify.dll
Event: 0.522 Loaded shared library C:\Users\USUARIO\.gradle\native\1def1411415f61bf3af743bc5b6707747c0891f09f0c88961ee8f79bc544acac\windows-amd64\native-platform.dll
Event: 0.538 Loaded shared library C:\Users\USUARIO\.gradle\native\0.2.7\x86_64-windows-gnu\gradle-fileevents.dll
Event: 1.494 Loaded shared library C:\Program Files\Java\jdk-21\bin\management.dll
Event: 1.499 Loaded shared library C:\Program Files\Java\jdk-21\bin\management_ext.dll
Event: 1.706 Loaded shared library C:\Program Files\Java\jdk-21\bin\extnet.dll
Event: 1.925 Loaded shared library C:\Program Files\Java\jdk-21\bin\sunmscapi.dll

Deoptimization events (20 events):
Event: 26.554 Thread 0x0000022c7c6c63f0 Uncommon trap: trap_request=0xffffffd6 fr.pc=0x0000022c07ffddb0 relative=0x0000000000000350
Event: 26.554 Thread 0x0000022c7c6c63f0 Uncommon trap: reason=array_check action=maybe_recompile pc=0x0000022c07ffddb0 method=com.google.common.collect.ImmutableMap$Builder.put(Ljava/lang/Object;Ljava/lang/Object;)Lcom/google/common/collect/ImmutableMap$Builder; @ 32 c2
Event: 26.554 Thread 0x0000022c7c6c63f0 DEOPT PACKING pc=0x0000022c07ffddb0 sp=0x00000099d6df9bc0
Event: 26.554 Thread 0x0000022c7c6c63f0 DEOPT UNPACKING pc=0x0000022c07587da2 sp=0x00000099d6df9b88 mode 2
Event: 26.554 Thread 0x0000022c7c6c63f0 Uncommon trap: trap_request=0xffffffd6 fr.pc=0x0000022c07ffddb0 relative=0x0000000000000350
Event: 26.554 Thread 0x0000022c7c6c63f0 Uncommon trap: reason=array_check action=maybe_recompile pc=0x0000022c07ffddb0 method=com.google.common.collect.ImmutableMap$Builder.put(Ljava/lang/Object;Ljava/lang/Object;)Lcom/google/common/collect/ImmutableMap$Builder; @ 32 c2
Event: 26.554 Thread 0x0000022c7c6c63f0 DEOPT PACKING pc=0x0000022c07ffddb0 sp=0x00000099d6df9bc0
Event: 26.554 Thread 0x0000022c7c6c63f0 DEOPT UNPACKING pc=0x0000022c07587da2 sp=0x00000099d6df9b88 mode 2
Event: 26.555 Thread 0x0000022c7c6c63f0 Uncommon trap: trap_request=0xffffff45 fr.pc=0x0000022c07ebf4fc relative=0x000000000000179c
Event: 26.555 Thread 0x0000022c7c6c63f0 Uncommon trap: reason=unstable_if action=reinterpret pc=0x0000022c07ebf4fc method=org.gradle.api.internal.artifacts.dependencies.DefaultImmutableVersionConstraint.<init>(Ljava/lang/String;Ljava/lang/String;Ljava/lang/String;Ljava/util/List;Ljava/lang/Stri
Event: 26.555 Thread 0x0000022c7c6c63f0 DEOPT PACKING pc=0x0000022c07ebf4fc sp=0x00000099d6df9350
Event: 26.555 Thread 0x0000022c7c6c63f0 DEOPT UNPACKING pc=0x0000022c07587da2 sp=0x00000099d6df9258 mode 2
Event: 26.623 Thread 0x0000022c7c6c63f0 Uncommon trap: trap_request=0xffffffc6 fr.pc=0x0000022c07f5c030 relative=0x0000000000000510
Event: 26.623 Thread 0x0000022c7c6c63f0 Uncommon trap: reason=bimorphic_or_optimized_type_check action=maybe_recompile pc=0x0000022c07f5c030 method=com.google.common.collect.Lists.equalsImpl(Ljava/util/List;Ljava/lang/Object;)Z @ 25 c2
Event: 26.624 Thread 0x0000022c7c6c63f0 DEOPT PACKING pc=0x0000022c07f5c030 sp=0x00000099d6df90d0
Event: 26.624 Thread 0x0000022c7c6c63f0 DEOPT UNPACKING pc=0x0000022c07587da2 sp=0x00000099d6df9078 mode 2
Event: 26.715 Thread 0x0000022c7c6c63f0 Uncommon trap: trap_request=0xffffffde fr.pc=0x0000022c07effee8 relative=0x00000000000004a8
Event: 26.715 Thread 0x0000022c7c6c63f0 Uncommon trap: reason=class_check action=maybe_recompile pc=0x0000022c07effee8 method=org.gradle.api.internal.artifacts.dependencies.AbstractVersionConstraint.hashCode()I @ 7 c2
Event: 26.715 Thread 0x0000022c7c6c63f0 DEOPT PACKING pc=0x0000022c07effee8 sp=0x00000099d6df9560
Event: 26.715 Thread 0x0000022c7c6c63f0 DEOPT UNPACKING pc=0x0000022c07587da2 sp=0x00000099d6df9518 mode 2

Classes loaded (20 events):
Event: 14.692 Loading class java/lang/Short$ShortCache
Event: 14.692 Loading class java/lang/Short$ShortCache done
Event: 14.701 Loading class java/io/NotSerializableException
Event: 14.701 Loading class java/io/NotSerializableException done
Event: 14.704 Loading class java/util/Collections$EmptyListIterator
Event: 14.705 Loading class java/util/Collections$EmptyListIterator done
Event: 14.721 Loading class java/io/CharArrayWriter
Event: 14.721 Loading class java/io/CharArrayWriter done
Event: 14.730 Loading class java/time/Instant$1
Event: 14.730 Loading class java/time/Instant$1 done
Event: 14.810 Loading class java/net/UrlDeserializedState
Event: 14.810 Loading class java/net/UrlDeserializedState done
Event: 14.844 Loading class java/util/concurrent/CompletableFuture$AsyncRun
Event: 14.845 Loading class java/util/concurrent/CompletableFuture$AsyncRun done
Event: 26.203 Loading class jdk/internal/math/FormattedFPDecimal
Event: 26.205 Loading class jdk/internal/math/FormattedFPDecimal done
Event: 26.207 Loading class sun/text/resources/cldr/FormatData_en
Event: 26.211 Loading class sun/text/resources/cldr/FormatData_en done
Event: 26.496 Loading class java/lang/foreign/MemorySegment
Event: 26.497 Loading class java/lang/foreign/MemorySegment done

Classes unloaded (0 events):
No events

Classes redefined (0 events):
No events

Internal exceptions (20 events):
Event: 14.533 Thread 0x0000022c7cc33d80 Exception <a 'java/lang/NoSuchMethodError'{0x00000000e8f51448}: static Lorg/gradle/internal/build/event/types/DefaultFailure;.<clinit>()V> (0x00000000e8f51448) 
thrown [s\open\src\hotspot\share\prims\jni.cpp, line 1111]
Event: 14.571 Thread 0x0000022c7c6c63f0 Exception <a 'java/lang/NoSuchMethodError'{0x00000000e8fc3e20}: 'void java.lang.invoke.DirectMethodHandle$Holder.invokeInterface(java.lang.Object, java.lang.Object, java.lang.Object, int)'> (0x00000000e8fc3e20) 
thrown [s\open\src\hotspot\share\interpreter\linkResolver.cpp, line 773]
Event: 14.572 Thread 0x0000022c7c6c63f0 Exception <a 'java/lang/IncompatibleClassChangeError'{0x00000000e8fc7a08}: Found class java.lang.Object, but interface was expected> (0x00000000e8fc7a08) 
thrown [s\open\src\hotspot\share\interpreter\linkResolver.cpp, line 840]
Event: 14.573 Thread 0x0000022c7c6c63f0 Exception <a 'java/lang/NoSuchMethodError'{0x00000000e8fcbe88}: 'void java.lang.invoke.DelegatingMethodHandle$Holder.reinvoke_L(java.lang.Object, java.lang.Object, java.lang.Object, int)'> (0x00000000e8fcbe88) 
thrown [s\open\src\hotspot\share\interpreter\linkResolver.cpp, line 773]
Event: 14.577 Thread 0x0000022c7c6c63f0 Exception <a 'sun/nio/fs/WindowsException'{0x00000000e8fe9420}> (0x00000000e8fe9420) 
thrown [s\open\src\hotspot\share\prims\jni.cpp, line 520]
Event: 14.595 Thread 0x0000022c7c6c63f0 Exception <a 'java/lang/NoSuchMethodError'{0x00000000e8e5f318}: 'void java.lang.invoke.DirectMethodHandle$Holder.invokeStatic(java.lang.Object, int, java.lang.Object)'> (0x00000000e8e5f318) 
thrown [s\open\src\hotspot\share\interpreter\linkResolver.cpp, line 773]
Event: 14.647 Thread 0x0000022c7c6c63f0 Exception <a 'java/lang/IncompatibleClassChangeError'{0x00000000e8d2b990}: Found class java.lang.Object, but interface was expected> (0x00000000e8d2b990) 
thrown [s\open\src\hotspot\share\interpreter\linkResolver.cpp, line 840]
Event: 14.672 Thread 0x0000022c7c6c63f0 Exception <a 'java/lang/IncompatibleClassChangeError'{0x00000000e8d59220}: Found class java.lang.Object, but interface was expected> (0x00000000e8d59220) 
thrown [s\open\src\hotspot\share\interpreter\linkResolver.cpp, line 840]
Event: 14.807 Thread 0x0000022c7c6c7e30 Exception <a 'java/lang/NoSuchMethodError'{0x00000000e89b0fd8}: static Lorg/gradle/tooling/internal/provider/serialization/ClassLoaderDetails;.<clinit>()V> (0x00000000e89b0fd8) 
thrown [s\open\src\hotspot\share\prims\jni.cpp, line 1111]
Event: 14.807 Thread 0x0000022c7c6c7e30 Exception <a 'java/lang/NoSuchMethodError'{0x00000000e89c4000}: static Lorg/gradle/tooling/internal/provider/serialization/WellKnownClassLoaderRegistry$KnownClassLoaderSpec;.<clinit>()V> (0x00000000e89c4000) 
thrown [s\open\src\hotspot\share\prims\jni.cpp, line 1111]
Event: 14.808 Thread 0x0000022c7c6c7e30 Exception <a 'java/lang/NoSuchMethodError'{0x00000000e89c5798}: static Lorg/gradle/internal/classloader/ClassLoaderSpec;.<clinit>()V> (0x00000000e89c5798) 
thrown [s\open\src\hotspot\share\prims\jni.cpp, line 1111]
Event: 14.809 Thread 0x0000022c7c6c7e30 Exception <a 'java/lang/NoSuchMethodError'{0x00000000e89d85d8}: static Lorg/gradle/internal/classloader/ClassLoaderSpec;.<clinit>()V> (0x00000000e89d85d8) 
thrown [s\open\src\hotspot\share\prims\jni.cpp, line 1111]
Event: 14.809 Thread 0x0000022c7c6c7e30 Exception <a 'java/lang/NoSuchMethodError'{0x00000000e89e48d0}: static Lorg/gradle/internal/classloader/VisitableURLClassLoader$Spec;.<clinit>()V> (0x00000000e89e48d0) 
thrown [s\open\src\hotspot\share\prims\jni.cpp, line 1111]
Event: 26.653 Thread 0x0000022c7c6c63f0 Exception <a 'sun/nio/fs/WindowsException'{0x00000000e84a0f58}> (0x00000000e84a0f58) 
thrown [s\open\src\hotspot\share\prims\jni.cpp, line 520]
Event: 26.653 Thread 0x0000022c7c6c63f0 Exception <a 'sun/nio/fs/WindowsException'{0x00000000e84a2438}> (0x00000000e84a2438) 
thrown [s\open\src\hotspot\share\prims\jni.cpp, line 520]
Event: 26.654 Thread 0x0000022c7c6c63f0 Exception <a 'sun/nio/fs/WindowsException'{0x00000000e84a3908}> (0x00000000e84a3908) 
thrown [s\open\src\hotspot\share\prims\jni.cpp, line 520]
Event: 26.654 Thread 0x0000022c7c6c63f0 Exception <a 'sun/nio/fs/WindowsException'{0x00000000e84a49e0}> (0x00000000e84a49e0) 
thrown [s\open\src\hotspot\share\prims\jni.cpp, line 520]
Event: 26.842 Thread 0x0000022c7c6c63f0 Exception <a 'java/lang/NoClassDefFoundError'{0x00000000e7e2daa0}: org/jetbrains/kotlin/gradle/plugin/KotlinPluginWrapper> (0x00000000e7e2daa0) 
thrown [s\open\src\hotspot\share\oops\constantPool.cpp, line 873]
Event: 26.842 Thread 0x0000022c7c6c63f0 Exception <a 'java/lang/NoClassDefFoundError'{0x00000000e7e2fbf8}: org/graalvm/buildtools/gradle/NativeImagePlugin> (0x00000000e7e2fbf8) 
thrown [s\open\src\hotspot\share\oops\constantPool.cpp, line 873]
Event: 26.842 Thread 0x0000022c7c6c63f0 Exception <a 'java/lang/NoClassDefFoundError'{0x00000000e7e31d40}: org/cyclonedx/gradle/CycloneDxPlugin> (0x00000000e7e31d40) 
thrown [s\open\src\hotspot\share\oops\constantPool.cpp, line 873]

ZGC Phase Switch (0 events):
No events

VM Operations (20 events):
Event: 14.234 Executing VM operation: HandshakeAllThreads (Deoptimize)
Event: 14.235 Executing VM operation: HandshakeAllThreads (Deoptimize) done
Event: 14.508 Executing VM operation: HandshakeAllThreads (Deoptimize)
Event: 14.508 Executing VM operation: HandshakeAllThreads (Deoptimize) done
Event: 14.514 Executing VM operation: HandshakeAllThreads (Deoptimize)
Event: 14.515 Executing VM operation: HandshakeAllThreads (Deoptimize) done
Event: 14.691 Executing VM operation: ICBufferFull
Event: 14.691 Executing VM operation: ICBufferFull done
Event: 15.698 Executing VM operation: Cleanup
Event: 15.698 Executing VM operation: Cleanup done
Event: 17.748 Executing VM operation: Cleanup
Event: 17.748 Executing VM operation: Cleanup done
Event: 18.750 Executing VM operation: Cleanup
Event: 18.751 Executing VM operation: Cleanup done
Event: 22.781 Executing VM operation: Cleanup
Event: 22.782 Executing VM operation: Cleanup done
Event: 25.809 Executing VM operation: Cleanup
Event: 25.818 Executing VM operation: Cleanup done
Event: 26.701 Executing VM operation: ICBufferFull
Event: 26.701 Executing VM operation: ICBufferFull done

Events (20 events):
Event: 14.845 Thread 0x0000022c7b5421b0 Thread added: 0x0000022c7b5421b0
Event: 14.845 Thread 0x0000022c7c6c5d60 Thread exited: 0x0000022c7c6c5d60
Event: 14.952 Thread 0x0000022c7c6c77a0 Thread exited: 0x0000022c7c6c77a0
Event: 26.158 Thread 0x0000022c7b541490 Thread added: 0x0000022c7b541490
Event: 26.168 Thread 0x0000022c7b545cc0 Thread added: 0x0000022c7b545cc0
Event: 26.190 Thread 0x0000022c7b544280 Thread added: 0x0000022c7b544280
Event: 26.225 Thread 0x0000022c7b543560 Thread added: 0x0000022c7b543560
Event: 26.226 Thread 0x0000022c7b542ed0 Thread added: 0x0000022c7b542ed0
Event: 26.441 Thread 0x0000022c7b546350 Thread added: 0x0000022c7b546350
Event: 26.445 Thread 0x0000022c7b540770 Thread added: 0x0000022c7b540770
Event: 26.475 Thread 0x0000022c7b542840 Thread added: 0x0000022c7b542840
Event: 26.517 Thread 0x0000022c7b5469e0 Thread added: 0x0000022c7b5469e0
Event: 26.525 Thread 0x0000022c7b543bf0 Thread added: 0x0000022c7b543bf0
Event: 26.642 Thread 0x0000022c7b544910 Thread added: 0x0000022c7b544910
Event: 26.760 Thread 0x0000022c7b544fa0 Thread added: 0x0000022c7b544fa0
Event: 26.760 Thread 0x0000022c7b547070 Thread added: 0x0000022c7b547070
Event: 26.760 Thread 0x0000022c7b5400e0 Thread added: 0x0000022c7b5400e0
Event: 26.782 Thread 0x0000022c7b545630 Thread added: 0x0000022c7b545630
Event: 26.783 Thread 0x0000022c7f0d5320 Thread added: 0x0000022c7f0d5320
Event: 26.783 Thread 0x0000022c7f0d8110 Thread added: 0x0000022c7f0d8110


Dynamic libraries:
0x00007ff783840000 - 0x00007ff783850000 	C:\Program Files\Java\jdk-21\bin\java.exe
0x00007ff9473d0000 - 0x00007ff9475c8000 	C:\Windows\SYSTEM32\ntdll.dll
0x00007ff946900000 - 0x00007ff9469bf000 	C:\Windows\System32\KERNEL32.DLL
0x00007ff944bf0000 - 0x00007ff944ec2000 	C:\Windows\System32\KERNELBASE.dll
0x00007ff944ed0000 - 0x00007ff944fd0000 	C:\Windows\System32\ucrtbase.dll
0x00007ff938c10000 - 0x00007ff938c29000 	C:\Program Files\Java\jdk-21\bin\jli.dll
0x00007ff9457e0000 - 0x00007ff94588e000 	C:\Windows\System32\ADVAPI32.dll
0x00007ff945570000 - 0x00007ff94560e000 	C:\Windows\System32\msvcrt.dll
0x00007ff9454d0000 - 0x00007ff94556c000 	C:\Windows\System32\sechost.dll
0x00007ff945f00000 - 0x00007ff946025000 	C:\Windows\System32\RPCRT4.dll
0x00007ff933f50000 - 0x00007ff933f6b000 	C:\Program Files\Java\jdk-21\bin\VCRUNTIME140.dll
0x00007ff946d40000 - 0x00007ff946edd000 	C:\Windows\System32\USER32.dll
0x00007ff944fd0000 - 0x00007ff944ff2000 	C:\Windows\System32\win32u.dll
0x00007ff931240000 - 0x00007ff9314da000 	C:\Windows\WinSxS\amd64_microsoft.windows.common-controls_6595b64144ccf1df_6.0.19041.1110_none_60b5254171f9507e\COMCTL32.dll
0x00007ff9468d0000 - 0x00007ff9468fb000 	C:\Windows\System32\GDI32.dll
0x00007ff945210000 - 0x00007ff94531f000 	C:\Windows\System32\gdi32full.dll
0x00007ff944b00000 - 0x00007ff944b9d000 	C:\Windows\System32\msvcp_win.dll
0x00007ff9356b0000 - 0x00007ff9356ba000 	C:\Windows\SYSTEM32\VERSION.dll
0x00007ff946ee0000 - 0x00007ff946f12000 	C:\Windows\System32\IMM32.DLL
0x00007ff93bf90000 - 0x00007ff93bf9c000 	C:\Program Files\Java\jdk-21\bin\vcruntime140_1.dll
0x00007ff92c760000 - 0x00007ff92c7ee000 	C:\Program Files\Java\jdk-21\bin\msvcp140.dll
0x00007ff8e57a0000 - 0x00007ff8e64ba000 	C:\Program Files\Java\jdk-21\bin\server\jvm.dll
0x00007ff945970000 - 0x00007ff9459db000 	C:\Windows\System32\WS2_32.dll
0x00007ff944050000 - 0x00007ff94409b000 	C:\Windows\SYSTEM32\POWRPROF.dll
0x00007ff92d0b0000 - 0x00007ff92d0d7000 	C:\Windows\SYSTEM32\WINMM.dll
0x00007ff943f10000 - 0x00007ff943f22000 	C:\Windows\SYSTEM32\UMPDC.dll
0x00007ff943320000 - 0x00007ff943332000 	C:\Windows\SYSTEM32\kernel.appcore.dll
0x00007ff93a540000 - 0x00007ff93a54a000 	C:\Program Files\Java\jdk-21\bin\jimage.dll
0x00007ff943010000 - 0x00007ff9431f4000 	C:\Windows\SYSTEM32\DBGHELP.DLL
0x00007ff925850000 - 0x00007ff92587c000 	C:\Windows\SYSTEM32\dbgcore.DLL
0x00007ff945320000 - 0x00007ff9453a2000 	C:\Windows\System32\bcryptPrimitives.dll
0x00007ff931530000 - 0x00007ff93153f000 	C:\Program Files\Java\jdk-21\bin\instrument.dll
0x00007ff92e0d0000 - 0x00007ff92e0ef000 	C:\Program Files\Java\jdk-21\bin\java.dll
0x00007ff946100000 - 0x00007ff946843000 	C:\Windows\System32\SHELL32.dll
0x00007ff942870000 - 0x00007ff943002000 	C:\Windows\SYSTEM32\windows.storage.dll
0x00007ff945b90000 - 0x00007ff945ee4000 	C:\Windows\System32\combase.dll
0x00007ff944560000 - 0x00007ff944590000 	C:\Windows\SYSTEM32\Wldp.dll
0x00007ff946a50000 - 0x00007ff946afd000 	C:\Windows\System32\SHCORE.dll
0x00007ff945630000 - 0x00007ff945685000 	C:\Windows\System32\shlwapi.dll
0x00007ff944a10000 - 0x00007ff944a2f000 	C:\Windows\SYSTEM32\profapi.dll
0x00007ff91d0f0000 - 0x00007ff91d1c7000 	C:\Program Files\Java\jdk-21\bin\jsvml.dll
0x00007ff92cf90000 - 0x00007ff92cfa8000 	C:\Program Files\Java\jdk-21\bin\zip.dll
0x00007ff92cf80000 - 0x00007ff92cf90000 	C:\Program Files\Java\jdk-21\bin\net.dll
0x00007ff93ca20000 - 0x00007ff93cb2c000 	C:\Windows\SYSTEM32\WINHTTP.dll
0x00007ff944290000 - 0x00007ff9442fa000 	C:\Windows\system32\mswsock.dll
0x00007ff92cf60000 - 0x00007ff92cf76000 	C:\Program Files\Java\jdk-21\bin\nio.dll
0x00007ff92cf10000 - 0x00007ff92cf20000 	C:\Program Files\Java\jdk-21\bin\verify.dll
0x00007ff92f590000 - 0x00007ff92f5b7000 	C:\Users\USUARIO\.gradle\native\1def1411415f61bf3af743bc5b6707747c0891f09f0c88961ee8f79bc544acac\windows-amd64\native-platform.dll
0x00007ff91d260000 - 0x00007ff91d2d8000 	C:\Users\USUARIO\.gradle\native\0.2.7\x86_64-windows-gnu\gradle-fileevents.dll
0x00007ff92cf00000 - 0x00007ff92cf0a000 	C:\Program Files\Java\jdk-21\bin\management.dll
0x00007ff92cef0000 - 0x00007ff92cefb000 	C:\Program Files\Java\jdk-21\bin\management_ext.dll
0x00007ff9457c0000 - 0x00007ff9457c8000 	C:\Windows\System32\PSAPI.DLL
0x00007ff943f30000 - 0x00007ff943f6b000 	C:\Windows\SYSTEM32\IPHLPAPI.DLL
0x00007ff9457d0000 - 0x00007ff9457d8000 	C:\Windows\System32\NSI.dll
0x00007ff92cee0000 - 0x00007ff92cee9000 	C:\Program Files\Java\jdk-21\bin\extnet.dll
0x00007ff944490000 - 0x00007ff9444a8000 	C:\Windows\SYSTEM32\CRYPTSP.dll
0x00007ff943b40000 - 0x00007ff943b74000 	C:\Windows\system32\rsaenh.dll
0x00007ff944ad0000 - 0x00007ff944af7000 	C:\Windows\System32\bcrypt.dll
0x00007ff9449d0000 - 0x00007ff9449fe000 	C:\Windows\SYSTEM32\USERENV.dll
0x00007ff944480000 - 0x00007ff94448c000 	C:\Windows\SYSTEM32\CRYPTBASE.dll
0x00007ff92ced0000 - 0x00007ff92cede000 	C:\Program Files\Java\jdk-21\bin\sunmscapi.dll
0x00007ff9450b0000 - 0x00007ff945206000 	C:\Windows\System32\CRYPT32.dll
0x00007ff9445d0000 - 0x00007ff9445f7000 	C:\Windows\SYSTEM32\ncrypt.dll
0x00007ff944590000 - 0x00007ff9445cb000 	C:\Windows\SYSTEM32\NTASN1.dll
0x00007ff93baa0000 - 0x00007ff93baa7000 	C:\Windows\system32\wshunix.dll
0x00007ff943f70000 - 0x00007ff94403a000 	C:\Windows\SYSTEM32\DNSAPI.dll
0x00007ff9354c0000 - 0x00007ff9354ca000 	C:\Windows\System32\rasadhlp.dll
0x00007ff934b30000 - 0x00007ff934bb0000 	C:\Windows\System32\fwpuclnt.dll

dbghelp: loaded successfully - version: 4.0.5 - missing functions: none
symbol engine: initialized successfully - sym options: 0x614 - pdb path: .;C:\Program Files\Java\jdk-21\bin;C:\Windows\SYSTEM32;C:\Windows\WinSxS\amd64_microsoft.windows.common-controls_6595b64144ccf1df_6.0.19041.1110_none_60b5254171f9507e;C:\Program Files\Java\jdk-21\bin\server;C:\Users\USUARIO\.gradle\native\1def1411415f61bf3af743bc5b6707747c0891f09f0c88961ee8f79bc544acac\windows-amd64;C:\Users\USUARIO\.gradle\native\0.2.7\x86_64-windows-gnu

VM Arguments:
jvm_args: --add-opens=java.base/java.lang=ALL-UNNAMED --add-opens=java.base/java.lang.invoke=ALL-UNNAMED --add-opens=java.base/java.util=ALL-UNNAMED --add-opens=java.prefs/java.util.prefs=ALL-UNNAMED --add-exports=jdk.compiler/com.sun.tools.javac.api=ALL-UNNAMED --add-exports=jdk.compiler/com.sun.tools.javac.util=ALL-UNNAMED --add-opens=java.base/java.util=ALL-UNNAMED --add-opens=java.prefs/java.util.prefs=ALL-UNNAMED --add-opens=java.base/java.nio.charset=ALL-UNNAMED --add-opens=java.base/java.net=ALL-UNNAMED --add-opens=java.base/java.util.concurrent.atomic=ALL-UNNAMED --add-opens=java.xml/javax.xml.namespace=ALL-UNNAMED -XX:MaxMetaspaceSize=384m -XX:+HeapDumpOnOutOfMemoryError -Xms256m -Xmx512m -Dfile.encoding=UTF-8 -Duser.country=ES -Duser.language=es -Duser.variant -javaagent:C:\Users\USUARIO\.gradle\wrapper\dists\gradle-8.14-bin\38aieal9i53h9rfe7vjup95b9\gradle-8.14\lib\agents\gradle-instrumentation-agent-8.14.jar 
java_command: org.gradle.launcher.daemon.bootstrap.GradleDaemon 8.14
java_class_path (initial): C:\Users\USUARIO\.gradle\wrapper\dists\gradle-8.14-bin\38aieal9i53h9rfe7vjup95b9\gradle-8.14\lib\gradle-daemon-main-8.14.jar
Launcher Type: SUN_STANDARD

[Global flags]
     intx CICompilerCount                          = 3                                         {product} {ergonomic}
   size_t CompressedClassSpaceSize                 = 335544320                                 {product} {ergonomic}
     uint ConcGCThreads                            = 1                                         {product} {ergonomic}
     uint G1ConcRefinementThreads                  = 4                                         {product} {ergonomic}
   size_t G1HeapRegionSize                         = 1048576                                   {product} {ergonomic}
    uintx GCDrainStackTargetSize                   = 64                                        {product} {ergonomic}
     bool HeapDumpOnOutOfMemoryError               = true                                   {manageable} {command line}
   size_t InitialHeapSize                          = 268435456                                 {product} {command line}
   size_t MarkStackSize                            = 4194304                                   {product} {ergonomic}
   size_t MaxHeapSize                              = 536870912                                 {product} {command line}
   size_t MaxMetaspaceSize                         = 402653184                                 {product} {command line}
   size_t MaxNewSize                               = 321912832                                 {product} {ergonomic}
   size_t MinHeapDeltaBytes                        = 1048576                                   {product} {ergonomic}
   size_t MinHeapSize                              = 268435456                                 {product} {command line}
    uintx NonNMethodCodeHeapSize                   = 5832780                                {pd product} {ergonomic}
    uintx NonProfiledCodeHeapSize                  = 122912730                              {pd product} {ergonomic}
    uintx ProfiledCodeHeapSize                     = 122912730                              {pd product} {ergonomic}
    uintx ReservedCodeCacheSize                    = 251658240                              {pd product} {ergonomic}
     bool SegmentedCodeCache                       = true                                      {product} {ergonomic}
   size_t SoftMaxHeapSize                          = 536870912                              {manageable} {ergonomic}
     bool UseCompressedOops                        = true                           {product lp64_product} {ergonomic}
     bool UseG1GC                                  = true                                      {product} {ergonomic}
     bool UseLargePagesIndividualAllocation        = false                                  {pd product} {ergonomic}

Logging:
Log output configuration:
 #0: stdout all=warning uptime,level,tags foldmultilines=false
 #1: stderr all=off uptime,level,tags foldmultilines=false

Environment Variables:
JAVA_HOME=C:\Program Files\Java\jdk-21
PATH=C:\Program Files\Common Files\Oracle\Java\javapath;C:\Program Files\Java\jdk-21\bin;C:\Windows\system32;C:\Windows;C:\Windows\System32\Wbem;C:\Windows\System32\WindowsPowerShell\v1.0\;C:\Windows\System32\OpenSSH\;C:\Program Files\dotnet\;C:\Program Files (x86)\Microsoft SQL Server\160\Tools\Binn\;C:\Program Files\Microsoft SQL Server\160\Tools\Binn\;C:\Program Files\Microsoft SQL Server\Client SDK\ODBC\170\Tools\Binn\;C:\Program Files\Microsoft SQL Server\160\DTS\Binn\;C:\Program Files (x86)\Microsoft SQL Server\160\DTS\Binn\;D:\Rose\common;C:\xampp\php;C:\composer;D:\Git\cmd;C:\Program Files\nodejs\;C:\Users\USUARIO\AppData\Local\Microsoft\WindowsApps;C:\Users\USUARIO\AppData\Roaming\Composer\vendor\bin;C:\Users\USUARIO\AppData\Local\Programs\Microsoft VS Code\bin;C:\Users\USUARIO\AppData\Roaming\npm;C:\Program Files\PostgreSQL\17\bin;
USERNAME=USUARIO
OS=Windows_NT
PROCESSOR_IDENTIFIER=Intel64 Family 6 Model 140 Stepping 1, GenuineIntel
TMP=C:\Users\USUARIO\AppData\Local\Temp
TEMP=C:\Users\USUARIO\AppData\Local\Temp




Periodic native trim disabled

---------------  S Y S T E M  ---------------

OS:
 Windows 10 , 64 bit Build 19041 (10.0.19041.2251)
OS uptime: 0 days 3:18 hours

CPU: total 4 (initial active 4) (2 cores per cpu, 2 threads per core) family 6 model 140 stepping 1 microcode 0x86, cx8, cmov, fxsr, ht, mmx, 3dnowpref, sse, sse2, sse3, ssse3, sse4.1, sse4.2, popcnt, lzcnt, tsc, tscinvbit, avx, avx2, aes, erms, clmul, bmi1, bmi2, adx, avx512f, avx512dq, avx512cd, avx512bw, avx512vl, sha, fma, vzeroupper, avx512_vpopcntdq, avx512_vpclmulqdq, avx512_vaes, avx512_vnni, clflush, clflushopt, clwb, avx512_vbmi2, avx512_vbmi, rdtscp, rdpid, fsrm, gfni, avx512_bitalg, f16c, pku, cet_ibt, cet_ss, avx512_ifma
Processor Information for all 4 processors :
  Max Mhz: 2995, Current Mhz: 2995, Mhz Limit: 2995

Memory: 4k page, system-wide physical 3790M (232M free)
TotalPageFile size 7886M (AvailPageFile size 5M)
current process WorkingSet (physical memory assigned to process): 186M, peak: 396M
current process commit charge ("private bytes"): 508M, peak: 514M

vm_info: Java HotSpot(TM) 64-Bit Server VM (21.0.7+8-LTS-245) for windows-amd64 JRE (21.0.7+8-LTS-245), built on 2025-02-21T05:11:27Z by "mach5one" with MS VC++ 17.6 (VS2022)

END.
