#
# There is insufficient memory for the Java Runtime Environment to continue.
# Native memory allocation (mmap) failed to map 62914560 bytes for G1 virtual space
# Possible reasons:
#   The system is out of physical RAM or swap space
#   The process is running with CompressedOops enabled, and the Java Heap may be blocking the growth of the native heap
# Possible solutions:
#   Reduce memory load on the system
#   Increase physical memory or swap space
#   Check if swap backing store is full
#   Decrease Java heap size (-Xmx/-Xms)
#   Decrease number of Java threads
#   Decrease Java thread stack sizes (-Xss)
#   Set larger code cache with -XX:ReservedCodeCacheSize=
#   JVM is running with Unscaled Compressed Oops mode in which the Java heap is
#     placed in the first 4GB address space. The Java Heap base address is the
#     maximum limit for the native heap growth. Please use -XX:HeapBaseMinAddress
#     to set the Java Heap base and to place the Java Heap above 4GB virtual address.
# This output file may be truncated or incomplete.
#
#  Out of Memory Error (os_windows.cpp:3603), pid=3532, tid=2704
#
# JRE version:  (21.0.7+8) (build )
# Java VM: Java HotSpot(TM) 64-Bit Server VM (21.0.7+8-LTS-245, mixed mode, sharing, tiered, compressed oops, compressed class ptrs, g1 gc, windows-amd64)
# No core dump will be written. Minidumps are not enabled by default on client versions of Windows
#

---------------  S U M M A R Y ------------

Command Line: -Dfile.encoding=UTF-8 -Duser.country=ES -Duser.language=es -Duser.variant alojamiento.sis414.alojamiento.AlojamientoApplication

Host: 11th Gen Intel(R) Core(TM) i3-1115G4 @ 3.00GHz, 4 cores, 3G,  Windows 10 , 64 bit Build 19041 (10.0.19041.2251)
Time: Thu Jun 12 11:20:49 2025 Hora estándar oeste, Sudamérica elapsed time: 0.122382 seconds (0d 0h 0m 0s)

---------------  T H R E A D  ---------------

Current thread (0x0000024b75dba9a0):  JavaThread "Unknown thread" [_thread_in_vm, id=2704, stack(0x0000006df6400000,0x0000006df6500000) (1024K)]

Stack: [0x0000006df6400000,0x0000006df6500000]
Native frames: (J=compiled Java code, j=interpreted, Vv=VM code, C=native code)
V  [jvm.dll+0x6cae19]
V  [jvm.dll+0x855741]
V  [jvm.dll+0x857c6e]
V  [jvm.dll+0x858343]
V  [jvm.dll+0x27e0b6]
V  [jvm.dll+0x6c7595]
V  [jvm.dll+0x6bc0fa]
V  [jvm.dll+0x353eaa]
V  [jvm.dll+0x35bb26]
V  [jvm.dll+0x3ae52e]
V  [jvm.dll+0x3ae7d8]
V  [jvm.dll+0x3281bc]
V  [jvm.dll+0x328d1b]
V  [jvm.dll+0x81eaf9]
V  [jvm.dll+0x3bb211]
V  [jvm.dll+0x807d78]
V  [jvm.dll+0x4503ee]
V  [jvm.dll+0x451fe1]
C  [jli.dll+0x52a3]
C  [ucrtbase.dll+0x21bb2]
C  [KERNEL32.DLL+0x174b4]
C  [ntdll.dll+0x526a1]


---------------  P R O C E S S  ---------------

Threads class SMR info:
_java_thread_list=0x00007ff8e636cc48, length=0, elements={
}

Java Threads: ( => current thread )
Total: 0

Other Threads:
  0x0000024b77f7eb30 WorkerThread "GC Thread#0"                     [id=3644, stack(0x0000006df6500000,0x0000006df6600000) (1024K)]
  0x0000024b77f871a0 ConcurrentGCThread "G1 Main Marker"            [id=12584, stack(0x0000006df6600000,0x0000006df6700000) (1024K)]
  0x0000024b77f87e50 WorkerThread "G1 Conc#0"                       [id=5212, stack(0x0000006df6700000,0x0000006df6800000) (1024K)]

[error occurred during error reporting (printing all threads), id 0xc0000005, EXCEPTION_ACCESS_VIOLATION (0xc0000005) at pc=0x00007ff8e5ada947]
VM state: not at safepoint (not fully initialized)

VM Mutex/Monitor currently owned by a thread:  ([mutex/lock_event])
[0x00007ff8e63ddf50] Heap_lock - owner thread: 0x0000024b75dba9a0

Heap address: 0x00000000c4c00000, size: 948 MB, Compressed Oops mode: 32-bit

CDS archive(s) mapped at: [0x0000000000000000-0x0000000000000000-0x0000000000000000), size 0, SharedBaseAddress: 0x0000000800000000, ArchiveRelocationMode: 1.
Narrow klass base: 0x0000000000000000, Narrow klass shift: 0, Narrow klass range: 0x0

GC Precious Log:
 CardTable entry size: 512
 Card Set container configuration: InlinePtr #cards 5 size 8 Array Of Cards #cards 12 size 40 Howl #buckets 4 coarsen threshold 1843 Howl Bitmap #cards 512 size 80 coarsen threshold 460 Card regions per heap region 1 cards per card region 2048

Heap:
 garbage-first heap   total 0K, used 0K [0x00000000c4c00000, 0x0000000100000000)
  region size 1024K, 0 young (0K), 0 survivors (0K)

[error occurred during error reporting (printing heap information), id 0xc0000005, EXCEPTION_ACCESS_VIOLATION (0xc0000005) at pc=0x00007ff8e5ec3e79]
GC Heap History (0 events):
No events

Dll operation events (1 events):
Event: 0.075 Loaded shared library C:\Program Files\Java\jdk-21\bin\java.dll

Deoptimization events (0 events):
No events

Classes loaded (0 events):
No events

Classes unloaded (0 events):
No events

Classes redefined (0 events):
No events

Internal exceptions (0 events):
No events

ZGC Phase Switch (0 events):
No events

VM Operations (0 events):
No events

Events (0 events):
No events


Dynamic libraries:
0x00007ff783840000 - 0x00007ff783850000 	C:\Program Files\Java\jdk-21\bin\java.exe
0x00007ff9473d0000 - 0x00007ff9475c8000 	C:\Windows\SYSTEM32\ntdll.dll
0x00007ff946900000 - 0x00007ff9469bf000 	C:\Windows\System32\KERNEL32.DLL
0x00007ff944bf0000 - 0x00007ff944ec2000 	C:\Windows\System32\KERNELBASE.dll
0x00007ff944ed0000 - 0x00007ff944fd0000 	C:\Windows\System32\ucrtbase.dll
0x00007ff933f50000 - 0x00007ff933f6b000 	C:\Program Files\Java\jdk-21\bin\VCRUNTIME140.dll
0x00007ff938c10000 - 0x00007ff938c29000 	C:\Program Files\Java\jdk-21\bin\jli.dll
0x00007ff9457e0000 - 0x00007ff94588e000 	C:\Windows\System32\ADVAPI32.dll
0x00007ff945570000 - 0x00007ff94560e000 	C:\Windows\System32\msvcrt.dll
0x00007ff9454d0000 - 0x00007ff94556c000 	C:\Windows\System32\sechost.dll
0x00007ff945f00000 - 0x00007ff946025000 	C:\Windows\System32\RPCRT4.dll
0x00007ff946d40000 - 0x00007ff946edd000 	C:\Windows\System32\USER32.dll
0x00007ff944fd0000 - 0x00007ff944ff2000 	C:\Windows\System32\win32u.dll
0x00007ff9468d0000 - 0x00007ff9468fb000 	C:\Windows\System32\GDI32.dll
0x00007ff945210000 - 0x00007ff94531f000 	C:\Windows\System32\gdi32full.dll
0x00007ff944b00000 - 0x00007ff944b9d000 	C:\Windows\System32\msvcp_win.dll
0x00007ff931240000 - 0x00007ff9314da000 	C:\Windows\WinSxS\amd64_microsoft.windows.common-controls_6595b64144ccf1df_6.0.19041.1110_none_60b5254171f9507e\COMCTL32.dll
0x00007ff9356b0000 - 0x00007ff9356ba000 	C:\Windows\SYSTEM32\VERSION.dll
0x00007ff946ee0000 - 0x00007ff946f12000 	C:\Windows\System32\IMM32.DLL
0x00007ff93bf90000 - 0x00007ff93bf9c000 	C:\Program Files\Java\jdk-21\bin\vcruntime140_1.dll
0x00007ff92c760000 - 0x00007ff92c7ee000 	C:\Program Files\Java\jdk-21\bin\msvcp140.dll
0x00007ff8e57a0000 - 0x00007ff8e64ba000 	C:\Program Files\Java\jdk-21\bin\server\jvm.dll
0x00007ff945970000 - 0x00007ff9459db000 	C:\Windows\System32\WS2_32.dll
0x00007ff944050000 - 0x00007ff94409b000 	C:\Windows\SYSTEM32\POWRPROF.dll
0x00007ff92d0b0000 - 0x00007ff92d0d7000 	C:\Windows\SYSTEM32\WINMM.dll
0x00007ff943f10000 - 0x00007ff943f22000 	C:\Windows\SYSTEM32\UMPDC.dll
0x00007ff943320000 - 0x00007ff943332000 	C:\Windows\SYSTEM32\kernel.appcore.dll
0x00007ff93a540000 - 0x00007ff93a54a000 	C:\Program Files\Java\jdk-21\bin\jimage.dll
0x00007ff943010000 - 0x00007ff9431f4000 	C:\Windows\SYSTEM32\DBGHELP.DLL
0x00007ff925850000 - 0x00007ff92587c000 	C:\Windows\SYSTEM32\dbgcore.DLL
0x00007ff945320000 - 0x00007ff9453a2000 	C:\Windows\System32\bcryptPrimitives.dll
0x00007ff92e0d0000 - 0x00007ff92e0ef000 	C:\Program Files\Java\jdk-21\bin\java.dll

dbghelp: loaded successfully - version: 4.0.5 - missing functions: none
symbol engine: initialized successfully - sym options: 0x614 - pdb path: .;C:\Program Files\Java\jdk-21\bin;C:\Windows\SYSTEM32;C:\Windows\WinSxS\amd64_microsoft.windows.common-controls_6595b64144ccf1df_6.0.19041.1110_none_60b5254171f9507e;C:\Program Files\Java\jdk-21\bin\server

VM Arguments:
jvm_args: -Dfile.encoding=UTF-8 -Duser.country=ES -Duser.language=es -Duser.variant 
java_command: alojamiento.sis414.alojamiento.AlojamientoApplication
java_class_path (initial): D:\SIS 414\alojamiento\build\classes\java\main;D:\SIS 414\alojamiento\build\resources\main;C:\Users\USUARIO\.gradle\caches\modules-2\files-2.1\org.springframework.boot\spring-boot-starter-web\3.5.0\29c6198f7e5cd7c4b9a27045d93879e161d6cdd0\spring-boot-starter-web-3.5.0.jar;C:\Users\USUARIO\.gradle\caches\modules-2\files-2.1\org.springframework.boot\spring-boot-starter-data-jpa\3.5.0\1f1b632678d5516b5866a82b282541b18f6bf84c\spring-boot-starter-data-jpa-3.5.0.jar;C:\Users\USUARIO\.gradle\caches\modules-2\files-2.1\org.springframework.boot\spring-boot-starter-security\3.5.0\f33d61f93d8a0ded9a1142996d2663105a237e76\spring-boot-starter-security-3.5.0.jar;C:\Users\USUARIO\.gradle\caches\modules-2\files-2.1\javax.xml.bind\jaxb-api\2.3.1\8531ad5ac454cc2deb9d4d32c40c4d7451939b5d\jaxb-api-2.3.1.jar;C:\Users\USUARIO\.gradle\caches\modules-2\files-2.1\io.jsonwebtoken\jjwt\0.9.1\54d2abfc3e63a28824d35bf600d6a5d627da681a\jjwt-0.9.1.jar;C:\Users\USUARIO\.gradle\caches\modules-2\files-2.1\org.springdoc\springdoc-openapi-starter-webmvc-ui\2.2.0\178d8ed6714d78b8b475c45bc60642a9232fcb70\springdoc-openapi-starter-webmvc-ui-2.2.0.jar;C:\Users\USUARIO\.gradle\caches\modules-2\files-2.1\org.postgresql\postgresql\42.7.3\24f3e9f7231428cd20eb4dde00dd3fce44e05464\postgresql-42.7.3.jar;C:\Users\USUARIO\.gradle\caches\modules-2\files-2.1\org.springframework.boot\spring-boot-starter-json\3.5.0\af98a526ea3f68c179a6c6199bb1dbe864f43b93\spring-boot-starter-json-3.5.0.jar;C:\Users\USUARIO\.gradle\caches\modules-2\files-2.1\org.springframework.boot\spring-boot-starter-jdbc\3.5.0\5e0188ba4c52ec7ba36b1618ff7f9738bffa1eb\spring-boot-starter-jdbc-3.5.0.jar;C:\Users\USUARIO\.gradle\caches\modules-2\files-2.1\org.springframework.boot\spring-boot-starter\3.5.0\f8b02201e89d294514420a586624aa7338d61f4f\spring-boot-starter-3.5.0.jar;C:\Users\USUARIO\.gradle\caches\modules-2\files-2.1\org.springframework.boot\spring-boot-starter-tomcat\3.5.0\2e22a33e6f9444a7248581a23541fea5c1f6c216\spring-boot-starter-tomcat-3.5.0.jar;C:\Users\USUARIO\.gradle\caches\modules-2\files-2.1\org.springdoc\springdoc-openapi-starter-webmvc-api\2.2.0\3a7a3a7ecd2537203961d83cabc6d642f294ddb\springdoc-openapi-starter-webmvc-api-2.2.0.jar;C:\Users\USUARIO\.gradle\caches\modules-2\files-2.1\org.springframework\spring-webmvc\6.2.7\a1954b3a51f585c6b8582831661fec981d2571e\spring-webmvc-6.2.7.jar;C:\Users\USUARIO\.gradle\caches\modules-2\files-2.1\org.springframework.security\spring-security-web\6.5.0\fe36d58e9f3b8510ad8495e2dd4df9ece8e5ee7c\spring-security-web-6.5.0.jar;C:\Users\USUARIO\.gradle\caches\modules-2\files-2.1\org.springframework\spring-web\6.2.7\1bd08eba2f2fd69eef49473e42fe124a20e7f844\spring-web-6.2.7.jar;C:\Users\USUARIO\.gradle\caches\modules-2\files-2.1\org.hibernate.orm\hibernate-core\6.6.15.Final\9ff5f41fc240a56d7076193094602c62a5294ea5\hibernate-core-6.6.15.Final.jar;C:\Users\USUARIO\.gradle\caches\modules-2\files-2.1\org.springframework.data\spring-data-jpa\3.5.0\177be0a4199ea3300ee63008bbe91c8c7e639610\spring-data-jpa-3.5.0.jar;C:\Users\USUARIO\.gradle\caches\modules-2\files-2.1\org.springframework\spring-aspects\6.2.7\52461ec85ce1dc6e80fdca92c85bab9faebc0509\spring-aspects-6.2.7.jar;C:\Users\USUARIO\.gradle\caches\modules-2\files-2.1\org.springframework.security\spring-security-config\6.5.0\722e3b1f1e0fa3732f98d6dc69622f6edec2fa1f\spring-security-config-6.5.0.jar;C:\Users\USUARIO\.gradle\caches\modules-2\files-2.1\org.springdoc\springdoc-openapi-starter-common\2.2.0\352343daae911b5d95c718c4a3c461cf94b4707b\springdoc-openapi-starter-common-2.2.0.jar;C:\Users\USUARIO\.gradle\caches\modules-2\files-2.1\org.springframework.boot\spring-boot-autoconfigure\3.5.0\a7f8ba40022dd75f20ac0eafe117437a1a7f3935\spring-boot-autoconfigure-3.5.0.jar;C:\Users\USUARIO\.gradle\caches\modules-2\files-2.1\org.springframework.boot\spring-boot\3.5.0\ec86afc460265a0219bfafe187acb6c596ac2de1\spring-boot-3.5.0.jar;C:\Users\USUARIO\.gradle\caches\modules-2\files-2.1\org.springframework.security\spring-security-core\6.5.0\8aaee0c3b38897272e21dc5545451493c60dbdd0\spring-security-core-6.5.0.jar;C:\Users\USUARIO\.gradle\caches\modules-2\files-2.1\org.springframework\spring-context\6.2.7\e0f3850bba7ff52016429e8d2fa39b5107f1fde6\spring-context-6.2.7.jar;C:\Users\USUARIO\.gradle\caches\modules-2\files-2.1\org.springframework\spring-aop\6.2.7\3df3ee9217cb62e65382718351e56f1eeb76e74c\spring-aop-6.2.7.jar;C:\Users\USUARIO\.gradle\caches\modules-2\files-2.1\javax.activation\javax.activation-api\1.2.0\85262acf3ca9816f9537ca47d5adeabaead7cb16\javax.activation-api-1.2.0.jar;C:\Users\USUARIO\.gradle\caches\modules-2\files-2.1\io.swagger.core.v3\swagger-core-jakarta\2.2.15\6c85064b85f895b7f0c0819d950995274c0931a4\swagger-core-jakarta-2.2.15.jar;C:\Users\USUARIO\.gradle\caches\modules-2\files-2.1\com.fasterxml.jackson.datatype\jackson-datatype-jsr310\2.19.0\4c98a2fa8b35b5ffe102438f747f7b526619fde7\jackson-datatype-jsr310-2.19.0.jar;C:\Users\USUARIO\.gradle\caches\modules-2\files-2.1\com.fasterxml.jackson.module\jackson-module-parameter-names\2.19.0\4963234952362539ca73c85b6a423c851f04f1d\jackson-module-parameter-names-2.19.0.jar;C:\Users\USUARIO\.gradle\caches\modules-2\files-2.1\io.swagger.core.v3\swagger-models-jakarta\2.2.15\664bc63998b703b3e695a00f502f6091b8c7815f\swagger-models-jakarta-2.2.15.jar;C:\Users\USUARIO\.gradle\caches\modules-2\files-2.1\com.fasterxml.jackson.core\jackson-annotations\2.19.0\fd1e7c56de1e5b658563c8c66d5074cceb4e3a0b\jackson-annotations-2.19.0.jar;C:\Users\USUARIO\.gradle\caches\modules-2\files-2.1\com.fasterxml.jackson.dataformat\jackson-dataformat-yaml\2.19.0\2d735ab4ecebf5c2bf248d4036fd4ba6d73d0cc1\jackson-dataformat-yaml-2.19.0.jar;C:\Users\USUARIO\.gradle\caches\modules-2\files-2.1\com.fasterxml.jackson.core\jackson-core\2.19.0\a90640e59ea42632a8e331ff1d6b706cf306050a\jackson-core-2.19.0.jar;C:\Users\USUARIO\.gradle\caches\modules-2\files-2.1\com.fasterxml.jackson.datatype\jackson-datatype-jdk8\2.19.0\69312135ff6d6646203b9681fa48505f369210a6\jackson-datatype-jdk8-2.19.0.jar;C:\Users\USUARIO\.gradle\caches\modules-2\files-2.1\com.fasterxml.jackson.core\jackson-databind\2.19.0\b3f7506f6414fb04760561eec11a0880165c2a4a\jackson-databind-2.19.0.jar;C:\Users\USUARIO\.gradle\caches\modules-2\files-2.1\org.webjars\swagger-ui\5.2.0\c48d665a3f3a5d73afa34982953d3c31acc1d1dd\swagger-ui-5.2.0.jar;C:\Users\USUARIO\.gradle\caches\modules-2\files-2.1\org.checkerframework\checker-qual\3.42.0\638ec33f363a94d41a4f03c3e7d3dcfba64e402d\checker-qual-3.42.0.jar;C:\Users\USUARIO\.gradle\caches\modules-2\files-2.1\org.springframework.boot\spring-boot-starter-logging\3.5.0\7db0461d8895f00a9841bf5558501fe90e7eba4c\spring-boot-starter-logging-3.5.0.jar;C:\Users\USUARIO\.gradle\caches\modules-2\files-2.1\jakarta.annotation\jakarta.annotation-api\2.1.1\48b9bda22b091b1f48b13af03fe36db3be6e1ae3\jakarta.annotation-api-2.1.1.jar;C:\Users\USUARIO\.gradle\caches\modules-2\files-2.1\org.springframework\spring-orm\6.2.7\a8966e1cf3591397b2b1381742877d55367f0b21\spring-orm-6.2.7.jar;C:\Users\USUARIO\.gradle\caches\modules-2\files-2.1\org.springframework\spring-jdbc\6.2.7\9c2a6ac46e3af69b226401678591b6fe0350a617\spring-jdbc-6.2.7.jar;C:\Users\USUARIO\.gradle\caches\modules-2\files-2.1\org.springframework.data\spring-data-commons\3.5.0\cae371875e7267078e1d9047db769dc598156812\spring-data-commons-3.5.0.jar;C:\Users\USUARIO\.gradle\caches\modules-2\files-2.1\org.springframework\spring-tx\6.2.7\6cf5d200c297fa8cc0b4cf39c1a20b310d2c3d52\spring-tx-6.2.7.jar;C:\Users\USUARIO\.gradle\caches\modules-2\files-2.1\org.springframework\spring-beans\6.2.7\64119950b73943f67196705e43acddd7bf714c45\spring-beans-6.2.7.jar;C:\Users\USUARIO\.gradle\caches\modules-2\files-2.1\org.springframework\spring-expression\6.2.7\fa525916c85df246fcb70c771d039523dd6f12d9\spring-expression-6.2.7.jar;C:\Users\USUARIO\.gradle\caches\modules-2\files-2.1\org.springframework\spring-core\6.2.7\525a228b8b4323568b7aa9e49c1e1df27838adf1\spring-core-6.2.7.jar;C:\Users\USUARIO\.gradle\caches\modules-2\files-2.1\org.yaml\snakeyaml\2.4\e0666b825b796f85521f02360e77f4c92c5a7a07\snakeyaml-2.4.jar;C:\Users\USUARIO\.gradle\caches\modules-2\files-2.1\org.apache.tomcat.embed\tomcat-embed-websocket\10.1.41\d696393d5949252ed8d561184df118b3ca5efd07\tomcat-embed-websocket-10.1.41.jar;C:\Users\USUARIO\.gradle\caches\modules-2\files-2.1\org.apache.tomcat.embed\tomcat-embed-core\10.1.41\bcf9c79a4508fd36c93babc83823c09b3aa2d510\tomcat-embed-core-10.1.41.jar;C:\Users\USUARIO\.gradle\caches\modules-2\files-2.1\org.apache.tomcat.embed\tomcat-embed-el\10.1.41\5ca28d87f558ce31b9952dc9592f46633dc5d7a3\tomcat-embed-el-10.1.41.jar;C:\Users\USUARIO\.gradle\caches\modules-2\files-2.1\io.micrometer\micrometer-observation\1.15.0\1bcd42cb00aead4d441038fa86b0e6b41922e254\micrometer-observation-1.15.0.jar;C:\Users\USUARIO\.gradle\caches\modules-2\files-2.1\com.zaxxer\HikariCP\6.3.0\bebd113244c9d9926c6b792f28110ed6380cacc2\HikariCP-6.3.0.jar;C:\Users\USUARIO\.gradle\caches\modules-2\files-2.1\jakarta.persistence\jakarta.persistence-api\3.1.0\66901fa1c373c6aff65c13791cc11da72060a8d6\jakarta.persistence-api-3.1.0.jar;C:\Users\USUARIO\.gradle\caches\modules-2\files-2.1\jakarta.transaction\jakarta.transaction-api\2.0.1\51a520e3fae406abb84e2e1148e6746ce3f80a1a\jakarta.transaction-api-2.0.1.jar;C:\Users\USUARIO\.gradle\caches\modules-2\files-2.1\org.jboss.logging\jboss-logging\3.6.1.Final\886afbb445b4016a37c8960a7aef6ebd769ce7e5\jboss-logging-3.6.1.Final.jar;C:\Users\USUARIO\.gradle\caches\modules-2\files-2.1\org.hibernate.common\hibernate-commons-annotations\7.0.3.Final\e183c4be8bb41d12e9f19b374e00c34a0a85f439\hibernate-commons-annotations-7.0.3.Final.jar;C:\Users\USUARIO\.gradle\caches\modules-2\files-2.1\io.smallrye\jandex\3.2.0\f17ad860f62a08487b9edabde608f8ac55c62fa7\jandex-3.2.0.jar;C:\Users\USUARIO\.gradle\caches\modules-2\files-2.1\com.fasterxml\classmate\1.7.0\e98374da1f2143ac8e6e0a95036994bb19137a3\classmate-1.7.0.jar;C:\Users\USUARIO\.gradle\caches\modules-2\files-2.1\net.bytebuddy\byte-buddy\1.17.5\88450f120903b7e72470462cdbd2b75a3842223c\byte-buddy-1.17.5.jar;C:\Users\USUARIO\.gradle\caches\modules-2\files-2.1\org.glassfish.jaxb\jaxb-runtime\4.0.5\ca84c2a7169b5293e232b9d00d1e4e36d4c3914a\jaxb-runtime-4.0.5.jar;C:\Users\USUARIO\.gradle\caches\modules-2\files-2.1\org.glassfish.jaxb\jaxb-core\4.0.5\7b4b11ea5542eea4ad55e1080b23be436795b3\jaxb-core-4.0.5.jar;C:\Users\USUARIO\.gradle\caches\modules-2\files-2.1\jakarta.xml.bind\jakarta.xml.bind-api\4.0.2\6cd5a999b834b63238005b7144136379dc36cad2\jakarta.xml.bind-api-4.0.2.jar;C:\Users\USUARIO\.gradle\caches\modules-2\files-2.1\jakarta.inject\jakarta.inject-api\2.0.1\4c28afe1991a941d7702fe1362c365f0a8641d1e\jakarta.inject-api-2.0.1.jar;C:\Users\USUARIO\.gradle\caches\modules-2\files-2.1\org.antlr\antlr4-runtime\4.13.0\5a02e48521624faaf5ff4d99afc88b01686af655\antlr4-runtime-4.13.0.jar;C:\Users\USUARIO\.gradle\caches\modules-2\files-2.1\ch.qos.logback\logback-classic\1.5.18\fc371f3fc97a639de2d67947cffb7518ec5e3d40\logback-classic-1.5.18.jar;C:\Users\USUARIO\.gradle\caches\modules-2\files-2.1\org.apache.logging.log4j\log4j-to-slf4j\2.24.3\da1143e2a2531ee1c2d90baa98eb50a28a39d5a7\log4j-to-slf4j-2.24.3.jar;C:\Users\USUARIO\.gradle\caches\modules-2\files-2.1\org.slf4j\jul-to-slf4j\2.0.17\524cb6ccc2b68a57604750e1ab8b13b5a786a6aa\jul-to-slf4j-2.0.17.jar;C:\Users\USUARIO\.gradle\caches\modules-2\files-2.1\org.slf4j\slf4j-api\2.0.17\d9e58ac9c7779ba3bf8142aff6c830617a7fe60f\slf4j-api-2.0.17.jar;C:\Users\USUARIO\.gradle\caches\modules-2\files-2.1\org.aspectj\aspectjweaver\1.9.24\9b5aeb0cea9f958b9c57fb80e62996e95a3e9379\aspectjweaver-1.9.24.jar;C:\Users\USUARIO\.gradle\caches\modules-2\files-2.1\org.springframework\spring-jcl\6.2.7\16b5f3446a6fcf097f4910c935086d08db657653\spring-jcl-6.2.7.jar;C:\Users\USUARIO\.gradle\caches\modules-2\files-2.1\io.micrometer\micrometer-commons\1.15.0\a796f0418b2e0fe42988a1ca6e240d8b3fb5e954\micrometer-commons-1.15.0.jar;C:\Users\USUARIO\.gradle\caches\modules-2\files-2.1\org.eclipse.angus\angus-activation\2.0.2\41f1e0ddd157c856926ed149ab837d110955a9fc\angus-activation-2.0.2.jar;C:\Users\USUARIO\.gradle\caches\modules-2\files-2.1\jakarta.activation\jakarta.activation-api\2.1.3\fa165bd70cda600368eee31555222776a46b881f\jakarta.activation-api-2.1.3.jar;C:\Users\USUARIO\.gradle\caches\modules-2\files-2.1\org.springframework.security\spring-security-crypto\6.5.0\d3f68d9c0ea8ff9c02db090db5f8838481f8c5a\spring-security-crypto-6.5.0.jar;C:\Users\USUARIO\.gradle\caches\modules-2\files-2.1\ch.qos.logback\logback-core\1.5.18\6c0375624f6f36b4e089e2488ba21334a11ef13f\logback-core-1.5.18.jar;C:\Users\USUARIO\.gradle\caches\modules-2\files-2.1\org.apache.logging.log4j\log4j-api\2.24.3\b02c125db8b6d295adf72ae6e71af5d83bce2370\log4j-api-2.24.3.jar;C:\Users\USUARIO\.gradle\caches\modules-2\files-2.1\org.glassfish.jaxb\txw2\4.0.5\f36a4ef12120a9bb06d766d6a0e54b144fd7ed98\txw2-4.0.5.jar;C:\Users\USUARIO\.gradle\caches\modules-2\files-2.1\com.sun.istack\istack-commons-runtime\4.1.2\18ec117c85f3ba0ac65409136afa8e42bc74e739\istack-commons-runtime-4.1.2.jar;C:\Users\USUARIO\.gradle\caches\modules-2\files-2.1\org.apache.commons\commons-lang3\3.17.0\b17d2136f0460dcc0d2016ceefca8723bdf4ee70\commons-lang3-3.17.0.jar;C:\Users\USUARIO\.gradle\caches\modules-2\files-2.1\io.swagger.core.v3\swagger-annotations-jakarta\2.2.15\951eda18dbce0397347056aceff38d02710ec866\swagger-annotations-jakarta-2.2.15.jar;C:\Users\USUARIO\.gradle\caches\modules-2\files-2.1\jakarta.validation\jakarta.validation-api\3.0.2\92b6631659ba35ca09e44874d3eb936edfeee532\jakarta.validation-api-3.0.2.jar
Launcher Type: SUN_STANDARD

[Global flags]
     intx CICompilerCount                          = 3                                         {product} {ergonomic}
     uint ConcGCThreads                            = 1                                         {product} {ergonomic}
     uint G1ConcRefinementThreads                  = 4                                         {product} {ergonomic}
   size_t G1HeapRegionSize                         = 1048576                                   {product} {ergonomic}
    uintx GCDrainStackTargetSize                   = 64                                        {product} {ergonomic}
   size_t InitialHeapSize                          = 62914560                                  {product} {ergonomic}
   size_t MarkStackSize                            = 4194304                                   {product} {ergonomic}
   size_t MaxHeapSize                              = 994050048                                 {product} {ergonomic}
   size_t MinHeapDeltaBytes                        = 1048576                                   {product} {ergonomic}
   size_t MinHeapSize                              = 8388608                                   {product} {ergonomic}
    uintx NonNMethodCodeHeapSize                   = 5832780                                {pd product} {ergonomic}
    uintx NonProfiledCodeHeapSize                  = 122912730                              {pd product} {ergonomic}
    uintx ProfiledCodeHeapSize                     = 122912730                              {pd product} {ergonomic}
    uintx ReservedCodeCacheSize                    = 251658240                              {pd product} {ergonomic}
     bool SegmentedCodeCache                       = true                                      {product} {ergonomic}
   size_t SoftMaxHeapSize                          = 994050048                              {manageable} {ergonomic}
     bool UseCompressedOops                        = true                           {product lp64_product} {ergonomic}
     bool UseG1GC                                  = true                                      {product} {ergonomic}
     bool UseLargePagesIndividualAllocation        = false                                  {pd product} {ergonomic}

Logging:
Log output configuration:
 #0: stdout all=warning uptime,level,tags foldmultilines=false
 #1: stderr all=off uptime,level,tags foldmultilines=false

Environment Variables:
JAVA_HOME=C:\Program Files\Java\jdk-21
PATH=C:\Program Files\Common Files\Oracle\Java\javapath;C:\Program Files\Java\jdk-21\bin;C:\Windows\system32;C:\Windows;C:\Windows\System32\Wbem;C:\Windows\System32\WindowsPowerShell\v1.0\;C:\Windows\System32\OpenSSH\;C:\Program Files\dotnet\;C:\Program Files (x86)\Microsoft SQL Server\160\Tools\Binn\;C:\Program Files\Microsoft SQL Server\160\Tools\Binn\;C:\Program Files\Microsoft SQL Server\Client SDK\ODBC\170\Tools\Binn\;C:\Program Files\Microsoft SQL Server\160\DTS\Binn\;C:\Program Files (x86)\Microsoft SQL Server\160\DTS\Binn\;D:\Rose\common;C:\xampp\php;C:\composer;D:\Git\cmd;C:\Program Files\nodejs\;C:\Users\USUARIO\AppData\Local\Microsoft\WindowsApps;C:\Users\USUARIO\AppData\Roaming\Composer\vendor\bin;C:\Users\USUARIO\AppData\Local\Programs\Microsoft VS Code\bin;C:\Users\USUARIO\AppData\Roaming\npm;C:\Program Files\PostgreSQL\17\bin;
USERNAME=USUARIO
OS=Windows_NT
PROCESSOR_IDENTIFIER=Intel64 Family 6 Model 140 Stepping 1, GenuineIntel
TMP=C:\Users\USUARIO\AppData\Local\Temp
TEMP=C:\Users\USUARIO\AppData\Local\Temp




Periodic native trim disabled

---------------  S Y S T E M  ---------------

OS:
 Windows 10 , 64 bit Build 19041 (10.0.19041.2251)
OS uptime: 0 days 3:18 hours

CPU: total 4 (initial active 4) (2 cores per cpu, 2 threads per core) family 6 model 140 stepping 1 microcode 0x86, cx8, cmov, fxsr, ht, mmx, 3dnowpref, sse, sse2, sse3, ssse3, sse4.1, sse4.2, popcnt, lzcnt, tsc, tscinvbit, avx, avx2, aes, erms, clmul, bmi1, bmi2, adx, avx512f, avx512dq, avx512cd, avx512bw, avx512vl, sha, fma, vzeroupper, avx512_vpopcntdq, avx512_vpclmulqdq, avx512_vaes, avx512_vnni, clflush, clflushopt, clwb, avx512_vbmi2, avx512_vbmi, rdtscp, rdpid, fsrm, gfni, avx512_bitalg, f16c, pku, cet_ibt, cet_ss, avx512_ifma
Processor Information for all 4 processors :
  Max Mhz: 2995, Current Mhz: 2995, Mhz Limit: 2995

Memory: 4k page, system-wide physical 3790M (214M free)
TotalPageFile size 7886M (AvailPageFile size 18M)
current process WorkingSet (physical memory assigned to process): 10M, peak: 10M
current process commit charge ("private bytes"): 51M, peak: 111M

vm_info: Java HotSpot(TM) 64-Bit Server VM (21.0.7+8-LTS-245) for windows-amd64 JRE (21.0.7+8-LTS-245), built on 2025-02-21T05:11:27Z by "mach5one" with MS VC++ 17.6 (VS2022)

END.
